[2017-06-08 13:03:01] my_logger.INFO: Something interesting happened [] []
[2017-06-08 13:03:02] my_logger.INFO: Something interesting happened [] []
[2017-06-08 13:03:04] my_logger.INFO: Something interesting happened [] []
[2017-06-08 13:04:09] my_logger.INFO: Something interesting happened [] []
[2017-06-08 13:06:12] my_logger.INFO: Something interesting happened [] []
[2017-06-08 13:11:40] my_logger.INFO: Something interesting happened [] []
[2017-06-08 13:15:13] my_logger.INFO: Something interesting happened [] []
[2017-06-08 13:16:19] my_logger.INFO: Something interesting happened [] []
[2017-06-08 13:24:53] my_logger.INFO: Something interesting happened [] []
[2017-06-08 13:25:28] my_logger.INFO: Something interesting happened [] []
[2017-06-08 13:29:54] my_logger.INFO: Something interesting happened [] []
[2017-06-08 13:33:47] my_logger.INFO: Something interesting happened [] []
[2017-06-08 13:34:16] my_logger.INFO: Something interesting happened [] []
[2017-06-08 13:35:33] my_logger.INFO: Something interesting happened [] []
[2017-06-08 13:35:59] my_logger.INFO: Something interesting happened [] []
[2017-06-08 13:39:11] my_logger.INFO: Something interesting happened [] []
[2017-06-08 13:40:30] my_logger.INFO: Something interesting happened [] []
[2017-06-08 13:45:10] my_logger.INFO: Something interesting happened [] []
[2017-06-08 13:45:10] my_logger.INFO: Something interesting happened [] []
[2017-06-08 14:15:15] my_logger.INFO: Something interesting happened [] []
[2017-06-08 14:15:40] my_logger.INFO: Something interesting happened [] []
[2017-06-08 14:15:58] my_logger.INFO: Something interesting happened [] []
[2017-06-08 14:18:23] my_logger.INFO: Something interesting happened [] []
[2017-06-08 15:55:40] my_logger.INFO: Something interesting happened [] []
[2017-06-08 16:35:59] my_logger.INFO: Something interesting happened [] []
[2017-06-08 16:35:59] my_logger.INFO: Something interesting happened [] []
[2017-06-08 16:47:33] my_logger.INFO: Something interesting happened [] []
[2017-06-08 16:49:44] my_logger.INFO: Something interesting happened [] []
[2017-06-08 17:09:49] my_logger.INFO: Something interesting happened [] []
[2017-06-08 17:12:17] my_logger.INFO: Something interesting happened [] []
[2017-06-08 17:30:32] my_logger.INFO: Something interesting happened [] []
[2017-06-08 17:33:20] my_logger.INFO: Something interesting happened [] []
[2017-06-08 18:00:44] my_logger.INFO: Something interesting happened [] []
[2017-06-08 18:04:45] my_logger.INFO: Something interesting happened [] []
[2017-06-08 18:11:56] my_logger.INFO: Something interesting happened [] []
[2017-06-08 18:12:58] my_logger.INFO: Something interesting happened [] []
[2017-06-08 18:15:24] my_logger.INFO: Something interesting happened [] []
[2017-06-09 09:08:01] my_logger.INFO: Something interesting happened [] []
[2017-06-09 09:10:18] my_logger.INFO: Something interesting happened [] []
[2017-06-09 09:13:35] my_logger.INFO: Something interesting happened [] []
[2017-06-09 09:14:20] my_logger.INFO: Something interesting happened [] []
[2017-06-09 09:16:00] my_logger.INFO: Something interesting happened [] []
[2017-06-09 09:16:43] my_logger.INFO: Something interesting happened [] []
[2017-06-09 09:19:04] my_logger.INFO: Something interesting happened [] []
[2017-06-09 09:28:23] my_logger.INFO: Something interesting happened [] []
[2017-06-09 09:29:34] my_logger.INFO: Something interesting happened [] []
[2017-06-09 09:34:59] my_logger.INFO: Something interesting happened [] []
[2017-06-09 09:56:18] my_logger.INFO: Something interesting happened [] []
[2017-06-09 11:29:09] my_logger.INFO: Something interesting happened [] []
[2017-06-09 11:33:28] my_logger.INFO: Something interesting happened [] []
[2017-06-09 11:43:05] my_logger.INFO: Something interesting happened [] []
[2017-06-09 11:47:25] my_logger.INFO: Something interesting happened [] []
[2017-06-09 12:32:57] my_logger.INFO: Something interesting happened [] []
[2017-06-09 12:35:02] my_logger.INFO: Something interesting happened [] []
[2017-06-09 12:35:16] my_logger.INFO: Something interesting happened [] []
[2017-06-09 12:37:08] my_logger.INFO: Something interesting happened [] []
[2017-06-09 12:37:46] my_logger.INFO: Something interesting happened [] []
[2017-06-09 12:38:15] my_logger.INFO: Something interesting happened [] []
[2017-06-09 12:39:14] my_logger.INFO: Something interesting happened [] []
[2017-06-09 12:40:25] my_logger.INFO: Something interesting happened [] []
[2017-06-09 12:42:30] my_logger.INFO: Something interesting happened [] []
[2017-06-09 12:43:02] my_logger.INFO: Something interesting happened [] []
[2017-06-09 12:44:01] my_logger.INFO: Something interesting happened [] []
[2017-06-09 12:44:06] my_logger.INFO: Something interesting happened [] []
[2017-06-09 12:47:08] my_logger.INFO: Something interesting happened [] []
[2017-06-09 12:48:04] my_logger.INFO: Something interesting happened [] []
[2017-06-09 12:49:19] my_logger.INFO: Something interesting happened [] []
[2017-06-09 12:49:58] my_logger.INFO: Something interesting happened [] []
[2017-06-09 12:50:28] my_logger.INFO: Something interesting happened [] []
[2017-06-09 12:52:46] my_logger.INFO: Something interesting happened [] []
[2017-06-09 12:56:07] my_logger.INFO: Something interesting happened [] []
[2017-06-09 12:56:32] my_logger.INFO: Something interesting happened [] []
[2017-06-09 12:57:04] my_logger.INFO: Something interesting happened [] []
[2017-06-09 12:57:29] my_logger.INFO: Something interesting happened [] []
[2017-06-09 12:57:33] my_logger.INFO: Something interesting happened [] []
[2017-06-09 12:58:19] my_logger.INFO: Something interesting happened [] []
[2017-06-09 13:00:24] my_logger.INFO: Something interesting happened [] []
[2017-06-09 13:03:26] my_logger.INFO: Something interesting happened [] []
[2017-06-09 13:03:50] my_logger.INFO: Something interesting happened [] []
[2017-06-09 13:12:36] my_logger.INFO: Something interesting happened [] []
[2017-06-09 13:14:34] my_logger.INFO: Something interesting happened [] []
[2017-06-09 13:14:37] my_logger.INFO: Something interesting happened [] []
[2017-06-09 13:17:14] my_logger.INFO: Something interesting happened [] []
[2017-06-09 13:17:27] my_logger.INFO: Something interesting happened [] []
[2017-06-09 13:20:53] my_logger.INFO: Something interesting happened [] []
[2017-06-09 13:31:22] my_logger.INFO: Something interesting happened [] []
[2017-06-09 13:37:21] my_logger.INFO: Something interesting happened [] []
[2017-06-09 13:38:01] my_logger.INFO: Something interesting happened [] []
[2017-06-09 13:39:02] my_logger.INFO: Something interesting happened [] []
[2017-06-09 13:41:00] my_logger.INFO: Something interesting happened [] []
[2017-06-09 13:41:02] my_logger.INFO: Something interesting happened [] []
[2017-06-09 13:41:37] my_logger.INFO: Something interesting happened [] []
[2017-06-09 13:42:29] my_logger.INFO: Something interesting happened [] []
[2017-06-09 13:42:48] my_logger.INFO: Something interesting happened [] []
[2017-06-09 13:43:38] my_logger.INFO: Something interesting happened [] []
[2017-06-09 15:30:26] my_logger.INFO: Something interesting happened [] []
[2017-06-09 15:33:12] my_logger.INFO: Something interesting happened [] []
[2017-06-09 15:33:34] my_logger.INFO: Something interesting happened [] []
[2017-06-09 15:34:15] my_logger.INFO: Something interesting happened [] []
[2017-06-09 15:35:12] my_logger.INFO: Something interesting happened [] []
[2017-06-09 15:38:17] my_logger.INFO: Something interesting happened [] []
[2017-06-09 15:41:32] my_logger.INFO: Something interesting happened [] []
[2017-06-09 15:47:33] my_logger.INFO: Something interesting happened [] []
[2017-06-09 15:48:33] my_logger.INFO: Something interesting happened [] []
[2017-06-09 15:48:45] my_logger.INFO: Something interesting happened [] []
[2017-06-09 15:48:54] my_logger.INFO: Something interesting happened [] []
[2017-06-09 15:51:41] my_logger.INFO: Something interesting happened [] []
[2017-06-09 15:51:53] my_logger.INFO: Something interesting happened [] []
[2017-06-09 15:52:32] my_logger.INFO: Something interesting happened [] []
[2017-06-09 15:52:57] my_logger.INFO: Something interesting happened [] []
[2017-06-09 16:12:23] my_logger.INFO: Something interesting happened [] []
[2017-06-09 16:13:01] my_logger.INFO: Something interesting happened [] []
[2017-06-09 16:13:05] my_logger.INFO: Something interesting happened [] []
[2017-06-09 16:13:09] my_logger.INFO: Something interesting happened [] []
[2017-06-10 09:31:14] my_logger.INFO: Something interesting happened [] []
[2017-06-10 09:37:09] my_logger.INFO: Something interesting happened [] []
[2017-06-10 10:10:32] my_logger.INFO: Something interesting happened [] []
[2017-06-10 10:27:44] my_logger.INFO: Something interesting happened [] []
[2017-06-10 10:42:16] my_logger.INFO: Something interesting happened [] []
[2017-06-10 15:25:38] my_logger.INFO: Something interesting happened [] []
[2017-06-11 09:12:04] my_logger.INFO: Something interesting happened [] []
[2017-06-11 11:13:37] my_logger.INFO: Something interesting happened [] []
[2017-06-11 11:13:45] my_logger.INFO: Something interesting happened [] []
[2017-06-11 11:35:29] my_logger.INFO: Something interesting happened [] []
[2017-06-11 11:48:04] my_logger.INFO: Something interesting happened [] []
[2017-06-11 11:52:53] my_logger.INFO: Something interesting happened [] []
[2017-06-11 11:53:58] my_logger.INFO: Something interesting happened [] []
[2017-06-11 11:59:17] my_logger.INFO: Something interesting happened [] []
[2017-06-11 11:59:19] my_logger.INFO: Something interesting happened [] []
[2017-06-11 11:59:24] my_logger.INFO: Something interesting happened [] []
[2017-06-11 11:59:27] my_logger.INFO: Something interesting happened [] []
[2017-06-11 12:10:38] my_logger.INFO: Something interesting happened [] []
[2017-06-11 12:28:27] my_logger.INFO: Something interesting happened [] []
[2017-06-11 12:28:49] my_logger.INFO: Something interesting happened [] []
[2017-06-11 12:29:05] my_logger.INFO: Something interesting happened [] []
[2017-06-11 12:29:52] my_logger.INFO: Something interesting happened [] []
[2017-06-11 12:32:29] my_logger.INFO: Something interesting happened [] []
[2017-06-11 12:33:04] my_logger.INFO: Something interesting happened [] []
[2017-06-11 13:58:24] my_logger.INFO: Something interesting happened [] []
[2017-06-11 13:59:13] my_logger.INFO: Something interesting happened [] []
[2017-06-11 14:00:04] my_logger.INFO: Something interesting happened [] []
[2017-06-11 14:00:26] my_logger.INFO: Something interesting happened [] []
[2017-06-11 14:00:54] my_logger.INFO: Something interesting happened [] []
[2017-06-11 14:01:12] my_logger.INFO: Something interesting happened [] []
[2017-06-11 14:02:24] my_logger.INFO: Something interesting happened [] []
[2017-06-11 14:03:41] my_logger.INFO: Something interesting happened [] []
[2017-06-11 14:04:16] my_logger.INFO: Something interesting happened [] []
[2017-06-11 14:04:39] my_logger.INFO: Something interesting happened [] []
[2017-06-11 14:05:22] my_logger.INFO: Something interesting happened [] []
[2017-06-11 14:07:17] my_logger.INFO: Something interesting happened [] []
[2017-06-11 14:08:18] my_logger.INFO: Something interesting happened [] []
[2017-06-11 14:08:32] my_logger.INFO: Something interesting happened [] []
[2017-06-11 14:10:01] my_logger.INFO: Something interesting happened [] []
[2017-06-11 14:10:21] my_logger.INFO: Something interesting happened [] []
[2017-06-11 14:11:48] my_logger.INFO: Something interesting happened [] []
[2017-06-11 14:13:12] my_logger.INFO: Something interesting happened [] []
[2017-06-11 14:14:33] my_logger.INFO: Something interesting happened [] []
[2017-06-14 12:07:35] my_logger.INFO: Something interesting happened [] []
[2017-06-14 12:07:35] my_logger.INFO: Something interesting happened [] []
[2017-06-14 12:07:59] my_logger.INFO: Something interesting happened [] []
[2017-06-14 12:08:06] my_logger.INFO: Something interesting happened [] []
[2017-06-14 12:08:25] my_logger.INFO: Something interesting happened [] []
[2017-06-14 12:09:14] my_logger.INFO: Something interesting happened [] []
[2017-06-14 12:15:30] my_logger.INFO: Something interesting happened [] []
[2017-06-14 14:48:07] my_logger.INFO: Something interesting happened [] []
[2017-06-14 15:12:57] my_logger.INFO: Something interesting happened [] []
[2017-06-14 15:16:18] my_logger.INFO: Something interesting happened [] []
[2017-06-14 15:19:46] my_logger.INFO: Something interesting happened [] []
[2017-06-14 15:25:36] my_logger.INFO: Something interesting happened [] []
[2017-06-14 15:26:53] my_logger.INFO: Something interesting happened [] []
[2017-06-14 15:27:47] my_logger.INFO: Something interesting happened [] []
[2017-06-14 15:32:10] my_logger.INFO: Something interesting happened [] []
[2017-06-14 15:32:46] my_logger.INFO: Something interesting happened [] []
[2017-06-14 15:33:42] my_logger.INFO: Something interesting happened [] []
[2017-06-14 15:34:26] my_logger.INFO: Something interesting happened [] []
[2017-06-14 15:34:43] my_logger.INFO: Something interesting happened [] []
[2017-06-14 15:37:13] my_logger.INFO: Something interesting happened [] []
[2017-06-14 15:37:36] my_logger.INFO: Something interesting happened [] []
[2017-06-14 15:38:27] my_logger.INFO: Something interesting happened [] []
[2017-06-14 15:41:26] my_logger.INFO: Something interesting happened [] []
[2017-06-14 15:42:10] my_logger.INFO: Something interesting happened [] []
[2017-06-14 15:42:15] my_logger.INFO: Something interesting happened [] []
[2017-06-14 15:44:10] my_logger.INFO: Something interesting happened [] []
[2017-06-14 15:45:32] my_logger.INFO: Something interesting happened [] []
[2017-06-14 15:48:58] my_logger.INFO: Something interesting happened [] []
[2017-06-14 15:49:31] my_logger.INFO: Something interesting happened [] []
[2017-06-14 15:51:16] my_logger.INFO: Something interesting happened [] []
[2017-06-14 15:51:57] my_logger.INFO: Something interesting happened [] []
[2017-06-14 15:52:09] my_logger.INFO: Something interesting happened [] []
[2017-06-14 15:52:09] my_logger.INFO: Something interesting happened [] []
[2017-06-14 15:52:09] my_logger.INFO: Something interesting happened [] []
[2017-06-14 15:52:28] my_logger.INFO: Something interesting happened [] []
[2017-06-14 15:55:11] my_logger.INFO: Something interesting happened [] []
[2017-06-14 15:55:29] my_logger.INFO: Something interesting happened [] []
[2017-06-14 15:56:36] my_logger.INFO: Something interesting happened [] []
[2017-06-14 15:56:40] my_logger.INFO: Something interesting happened [] []
[2017-06-14 15:56:55] my_logger.INFO: Something interesting happened [] []
[2017-06-14 15:58:34] my_logger.INFO: Something interesting happened [] []
[2017-06-14 15:59:21] my_logger.INFO: Something interesting happened [] []
[2017-06-14 16:11:57] my_logger.INFO: Something interesting happened [] []
[2017-06-14 16:22:59] my_logger.INFO: Something interesting happened [] []
[2017-06-14 16:29:20] my_logger.INFO: Something interesting happened [] []
[2017-06-14 16:29:25] my_logger.INFO: Something interesting happened [] []
[2017-06-14 16:33:44] my_logger.INFO: Something interesting happened [] []
[2017-06-14 16:44:26] my_logger.INFO: Something interesting happened [] []
[2017-06-14 16:50:53] my_logger.INFO: Something interesting happened [] []
[2017-06-14 16:52:08] my_logger.INFO: Something interesting happened [] []
[2017-06-14 16:53:03] my_logger.INFO: Something interesting happened [] []
[2017-06-14 16:54:57] my_logger.INFO: Something interesting happened [] []
[2017-06-14 16:55:04] my_logger.INFO: Something interesting happened [] []
[2017-06-14 16:55:36] my_logger.INFO: Something interesting happened [] []
[2017-06-14 16:55:44] my_logger.INFO: Something interesting happened [] []
[2017-06-14 16:55:53] my_logger.INFO: Something interesting happened [] []
[2017-06-14 16:57:44] my_logger.INFO: Something interesting happened [] []
[2017-06-14 16:57:57] my_logger.INFO: Something interesting happened [] []
[2017-06-14 16:59:19] my_logger.INFO: Something interesting happened [] []
[2017-06-14 17:03:46] my_logger.INFO: Something interesting happened [] []
[2017-06-14 17:04:29] my_logger.INFO: Something interesting happened [] []
[2017-06-14 17:06:12] my_logger.INFO: Something interesting happened [] []
[2017-06-14 17:09:17] my_logger.INFO: Something interesting happened [] []
[2017-06-14 17:09:54] my_logger.INFO: Something interesting happened [] []
[2017-06-14 17:14:52] my_logger.INFO: Something interesting happened [] []
[2017-06-14 17:17:22] my_logger.INFO: Something interesting happened [] []
[2017-06-14 17:17:30] my_logger.INFO: Something interesting happened [] []
[2017-06-14 17:17:33] my_logger.INFO: Something interesting happened [] []
[2017-06-14 17:24:44] my_logger.INFO: Something interesting happened [] []
[2017-06-14 17:24:49] my_logger.INFO: Something interesting happened [] []
[2017-06-14 17:28:47] my_logger.INFO: Something interesting happened [] []
[2017-06-14 17:30:01] my_logger.INFO: Something interesting happened [] []
[2017-06-14 17:50:53] my_logger.INFO: Something interesting happened [] []
[2017-06-14 17:50:58] my_logger.INFO: Something interesting happened [] []
[2017-06-14 17:51:54] my_logger.INFO: Something interesting happened [] []
[2017-06-14 17:52:55] my_logger.INFO: Something interesting happened [] []
[2017-06-14 17:53:10] my_logger.INFO: Something interesting happened [] []
[2017-06-14 18:01:53] my_logger.INFO: Something interesting happened [] []
[2017-06-14 18:07:01] my_logger.INFO: Something interesting happened [] []
[2017-06-14 18:07:57] my_logger.INFO: Something interesting happened [] []
[2017-06-14 18:08:21] my_logger.INFO: Something interesting happened [] []
[2017-06-14 18:08:25] my_logger.INFO: Something interesting happened [] []
[2017-06-14 18:09:46] my_logger.INFO: Something interesting happened [] []
[2017-06-14 18:09:55] my_logger.INFO: Something interesting happened [] []
[2017-06-14 18:11:46] my_logger.INFO: Something interesting happened [] []
[2017-06-14 18:13:24] my_logger.INFO: Something interesting happened [] []
[2017-06-14 18:14:00] my_logger.INFO: Something interesting happened [] []
[2017-06-14 18:14:10] my_logger.INFO: Something interesting happened [] []
[2017-06-14 18:15:03] my_logger.INFO: Something interesting happened [] []
[2017-06-14 18:15:43] my_logger.INFO: Something interesting happened [] []
[2017-06-14 18:16:18] my_logger.INFO: Something interesting happened [] []
[2017-06-14 18:19:39] my_logger.INFO: Something interesting happened [] []
[2017-06-14 18:20:09] my_logger.INFO: Something interesting happened [] []
[2017-06-14 18:20:47] my_logger.INFO: Something interesting happened [] []
[2017-06-14 18:20:56] my_logger.INFO: Something interesting happened [] []
[2017-06-14 18:22:54] my_logger.INFO: Something interesting happened [] []
[2017-06-14 18:23:25] my_logger.INFO: Something interesting happened [] []
[2017-06-14 18:24:06] my_logger.INFO: Something interesting happened [] []
[2017-06-14 18:27:57] my_logger.INFO: Something interesting happened [] []
[2017-06-14 18:28:53] my_logger.INFO: Something interesting happened [] []
[2017-06-14 18:30:02] my_logger.INFO: Something interesting happened [] []
[2017-06-14 18:31:45] my_logger.INFO: Something interesting happened [] []
[2017-06-14 18:32:40] my_logger.INFO: Something interesting happened [] []
[2017-06-14 18:33:43] my_logger.INFO: Something interesting happened [] []
[2017-06-15 10:55:04] my_logger.INFO: Something interesting happened [] []
[2017-06-15 11:05:22] my_logger.INFO: Something interesting happened [] []
[2017-06-15 11:05:58] my_logger.INFO: Something interesting happened [] []
[2017-06-15 11:22:49] my_logger.INFO: Something interesting happened [] []
[2017-06-15 11:25:49] my_logger.INFO: Something interesting happened [] []
[2017-06-15 11:26:25] my_logger.INFO: Something interesting happened [] []
[2017-06-15 11:28:25] my_logger.INFO: Something interesting happened [] []
[2017-06-15 11:29:01] my_logger.INFO: Something interesting happened [] []
[2017-06-15 14:20:30] my_logger.INFO: Something interesting happened [] []
[2017-06-15 14:22:35] my_logger.INFO: Something interesting happened [] []
[2017-06-15 14:23:20] my_logger.INFO: Something interesting happened [] []
[2017-06-15 14:30:43] my_logger.INFO: Something interesting happened [] []
[2017-06-15 14:33:15] my_logger.INFO: Something interesting happened [] []
[2017-06-15 14:43:53] my_logger.INFO: Something interesting happened [] []
[2017-06-15 14:45:33] my_logger.INFO: Something interesting happened [] []
[2017-06-15 14:46:35] my_logger.INFO: Something interesting happened [] []
[2017-06-15 14:47:46] my_logger.INFO: Something interesting happened [] []
[2017-06-15 14:48:59] my_logger.INFO: Something interesting happened [] []
[2017-06-15 14:50:07] my_logger.INFO: Something interesting happened [] []
[2017-06-15 14:50:08] my_logger.INFO: Something interesting happened [] []
[2017-06-15 14:51:25] my_logger.INFO: Something interesting happened [] []
[2017-06-15 15:05:02] my_logger.INFO: Something interesting happened [] []
[2017-06-15 15:17:14] my_logger.INFO: Something interesting happened [] []
[2017-06-15 15:23:56] my_logger.INFO: Something interesting happened [] []
[2017-06-15 15:30:04] my_logger.INFO: Something interesting happened [] []
[2017-06-15 15:34:24] my_logger.INFO: Something interesting happened [] []
[2017-06-15 15:35:23] my_logger.INFO: Something interesting happened [] []
[2017-06-15 15:40:35] my_logger.INFO: Something interesting happened [] []
[2017-06-15 15:41:19] my_logger.INFO: Something interesting happened [] []
[2017-06-15 15:59:57] my_logger.INFO: Something interesting happened [] []
[2017-06-15 16:00:44] my_logger.INFO: Something interesting happened [] []
[2017-06-15 16:00:46] my_logger.INFO: Something interesting happened [] []
[2017-06-15 16:03:34] my_logger.INFO: Something interesting happened [] []
[2017-06-15 16:04:20] my_logger.INFO: Something interesting happened [] []
[2017-06-15 16:07:20] my_logger.INFO: Something interesting happened [] []
[2017-06-15 16:07:43] my_logger.INFO: Something interesting happened [] []
[2017-06-15 16:09:58] my_logger.INFO: Something interesting happened [] []
[2017-06-15 16:12:12] my_logger.INFO: Something interesting happened [] []
[2017-06-15 16:15:26] my_logger.INFO: Something interesting happened [] []
[2017-06-15 16:17:57] my_logger.INFO: Something interesting happened [] []
[2017-06-15 16:18:40] my_logger.INFO: Something interesting happened [] []
[2017-06-15 16:19:53] my_logger.INFO: Something interesting happened [] []
[2017-06-15 17:25:54] my_logger.INFO: Something interesting happened [] []
[2017-06-15 17:26:03] my_logger.INFO: Something interesting happened [] []
[2017-06-15 17:58:05] my_logger.INFO: Something interesting happened [] []
[2017-06-15 17:58:25] my_logger.INFO: Something interesting happened [] []
[2017-06-16 11:07:21] my_logger.INFO: Something interesting happened [] []
[2017-06-16 11:07:22] my_logger.INFO: Something interesting happened [] []
[2017-06-16 11:07:38] my_logger.INFO: Something interesting happened [] []
[2017-06-16 11:15:03] my_logger.INFO: Something interesting happened [] []
[2017-06-16 11:15:10] my_logger.INFO: Something interesting happened [] []
[2017-06-20 18:39:55] my_logger.INFO: Something interesting happened [] []
[2017-06-20 18:39:55] my_logger.INFO: Something interesting happened [] []
[2017-06-20 18:39:57] my_logger.INFO: Something interesting happened [] []
[2017-06-20 18:45:10] my_logger.INFO: Something interesting happened [] []
[2017-06-20 18:45:11] my_logger.INFO: Something interesting happened [] []
[2017-06-20 18:45:15] my_logger.INFO: Something interesting happened [] []
[2017-06-20 18:45:20] my_logger.INFO: Something interesting happened [] []
[2017-06-20 18:48:20] my_logger.INFO: Something interesting happened [] []
[2017-06-20 18:48:29] my_logger.INFO: Something interesting happened [] []
[2017-06-20 18:50:09] my_logger.INFO: Something interesting happened [] []
[2017-06-20 18:51:42] my_logger.INFO: Something interesting happened [] []
[2017-06-20 18:51:51] my_logger.INFO: Something interesting happened [] []
[2017-06-20 18:53:46] my_logger.INFO: Something interesting happened [] []
[2017-06-20 18:58:48] my_logger.INFO: Events [] []
[2017-06-20 18:58:52] my_logger.INFO: Something interesting happened [] []
[2017-06-20 18:59:16] my_logger.INFO: Something interesting happened [] []
[2017-06-20 18:59:17] my_logger.INFO: Events [] []
[2017-06-20 18:59:19] my_logger.INFO: Something interesting happened [] []
[2017-06-20 18:59:20] my_logger.INFO: Events [] []
[2017-06-20 18:59:22] my_logger.INFO: Something interesting happened [] []
[2017-06-20 18:59:23] my_logger.INFO: Events [] []
[2017-06-20 18:59:27] my_logger.INFO: Something interesting happened [] []
[2017-06-20 18:59:28] my_logger.INFO: Events [] []
[2017-06-20 18:59:31] my_logger.INFO: Something interesting happened [] []
[2017-06-20 18:59:33] my_logger.INFO: Events [] []
[2017-06-20 19:04:25] my_logger.INFO: Something interesting happened [] []
[2017-06-20 19:04:26] my_logger.INFO: Flimsys [] []
[2017-06-20 19:04:29] my_logger.INFO: Events [] []
[2017-06-20 19:04:31] my_logger.INFO: Something interesting happened [] []
[2017-06-20 19:04:32] my_logger.INFO: Something interesting happened [] []
[2017-06-20 19:04:33] my_logger.INFO: Something interesting happened [] []
[2017-06-20 19:04:34] my_logger.INFO: Flimsys [] []
[2017-06-20 19:04:34] my_logger.INFO: Events [] []
[2017-06-20 19:04:38] my_logger.INFO: Events [] []
[2017-06-20 19:04:38] my_logger.INFO: Flimsys [] []
[2017-06-20 19:04:39] my_logger.INFO: Something interesting happened [] []
[2017-06-20 19:04:40] my_logger.INFO: Flimsys [] []
[2017-06-20 19:04:40] my_logger.INFO: Events [] []
[2017-07-04 13:28:22] my_logger.INFO: Something interesting happened [] []
[2017-07-04 13:29:01] my_logger.INFO: Something interesting happened [] []
[2017-07-08 13:33:06] my_logger.INFO: Events [] []
[2017-07-08 14:51:52] my_logger.INFO: Events [] []
[2017-07-08 14:51:55] my_logger.INFO: Something interesting happened [] []
[2017-07-08 14:51:57] my_logger.INFO: Something interesting happened [] []
[2017-07-08 14:51:59] my_logger.INFO: Flimsys [] []
[2017-07-08 14:52:00] my_logger.INFO: Events [] []
[2017-07-08 14:52:02] my_logger.INFO: Flimsys [] []
[2017-07-08 14:52:03] my_logger.INFO: Something interesting happened [] []
[2017-07-08 14:52:03] my_logger.INFO: Something interesting happened [] []
[2017-07-08 14:52:04] my_logger.INFO: Something interesting happened [] []
[2017-07-08 15:02:27] my_logger.INFO: Something interesting happened [] []
[2017-07-08 15:14:15] my_logger.INFO: Something interesting happened [] []
[2017-07-08 15:15:11] my_logger.INFO: Something interesting happened [] []
[2017-07-08 15:15:13] my_logger.INFO: Settings [] []
[2017-07-08 15:16:23] my_logger.INFO: Settings [] []
[2017-07-08 15:21:58] my_logger.INFO: Settings [] []
[2017-07-08 15:22:00] my_logger.INFO: Settings [] []
[2017-07-08 15:22:02] my_logger.INFO: Settings [] []
[2017-07-08 15:22:06] my_logger.INFO: Settings [] []
[2017-07-08 15:22:07] my_logger.INFO: Settings [] []
[2017-07-08 15:22:09] my_logger.INFO: Settings [] []
[2017-07-08 15:23:07] my_logger.INFO: Settings [] []
[2017-07-08 15:25:00] my_logger.INFO: Something interesting happened [] []
[2017-07-08 15:25:01] my_logger.INFO: Settings [] []
[2017-07-08 15:26:22] my_logger.INFO: Settings [] []
[2017-07-08 15:26:24] my_logger.INFO: Something interesting happened [] []
[2017-07-08 15:26:26] my_logger.INFO: Settings [] []
[2017-07-08 15:30:09] my_logger.INFO: Something interesting happened [] []
[2017-07-08 15:30:12] my_logger.INFO: Something interesting happened [] []
[2017-07-08 15:30:13] my_logger.INFO: Something interesting happened [] []
[2017-07-08 15:30:20] my_logger.INFO: Something interesting happened [] []
[2017-07-08 15:31:43] my_logger.INFO: Settings [] []
[2017-07-08 15:32:07] my_logger.INFO: Something interesting happened [] []
[2017-07-08 15:34:28] my_logger.INFO: Settings [] []
[2017-07-08 15:37:26] my_logger.INFO: Something interesting happened [] []
[2017-07-08 15:37:28] my_logger.INFO: Settings [] []
[2017-07-08 15:48:53] my_logger.INFO: Something interesting happened [] []
[2017-07-08 15:51:35] my_logger.INFO: Settings [] []
[2017-07-08 16:54:39] my_logger.INFO: Settings [] []
[2017-07-08 17:14:08] my_logger.INFO: Settings [] []
[2017-07-08 17:18:06] my_logger.INFO: Something interesting happened [] []
[2017-07-09 11:57:44] my_logger.INFO: Something interesting happened [] []
[2017-07-09 11:57:47] my_logger.INFO: Settings [] []
[2017-07-09 11:57:55] my_logger.INFO: Something interesting happened [] []
[2017-07-09 11:57:58] my_logger.INFO: Settings [] []
[2017-07-09 11:58:01] my_logger.INFO: Something interesting happened [] []
[2017-07-09 11:58:03] my_logger.INFO: Settings [] []
[2017-07-09 11:58:26] my_logger.INFO: Something interesting happened [] []
[2017-07-09 11:58:27] my_logger.INFO: Something interesting happened [] []
[2017-07-09 11:58:31] my_logger.INFO: Settings [] []
[2017-07-09 11:59:31] my_logger.INFO: Settings [] []
[2017-07-09 11:59:47] my_logger.INFO: Settings [] []
[2017-07-09 12:00:56] my_logger.INFO: Something interesting happened [] []
[2017-07-09 12:04:50] my_logger.INFO: Something interesting happened [] []
[2017-07-09 12:07:02] my_logger.INFO: Settings [] []
[2017-07-09 12:07:04] my_logger.INFO: Settings [] []
[2017-07-09 12:07:05] my_logger.INFO: Settings [] []
[2017-07-09 12:07:45] my_logger.INFO: Something interesting happened [] []
[2017-07-09 12:10:21] my_logger.INFO: Settings [] []
[2017-07-09 12:16:34] my_logger.INFO: Settings [] []
[2017-07-09 12:17:37] my_logger.INFO: Settings [] []
[2017-07-09 12:17:39] my_logger.INFO: Settings [] []
[2017-07-09 12:19:43] my_logger.INFO: Settings [] []
[2017-07-09 12:19:45] my_logger.INFO: Settings [] []
[2017-07-09 12:19:46] my_logger.INFO: Settings [] []
[2017-07-09 12:21:20] my_logger.INFO: Settings [] []
[2017-07-09 12:21:21] my_logger.INFO: Settings [] []
[2017-07-09 12:21:22] my_logger.INFO: Settings [] []
[2017-07-09 12:23:52] my_logger.INFO: Settings [] []
[2017-07-09 12:24:17] my_logger.INFO: Settings [] []
[2017-07-09 12:24:31] my_logger.INFO: Settings [] []
[2017-07-09 12:25:33] my_logger.INFO: Settings [] []
[2017-07-09 12:25:52] my_logger.INFO: Settings [] []
[2017-07-09 12:25:52] my_logger.INFO: Settings [] []
[2017-07-09 12:26:49] my_logger.INFO: Settings [] []
[2017-07-09 12:28:45] my_logger.INFO: Settings [] []
[2017-07-09 12:30:12] my_logger.INFO: Settings [] []
[2017-07-09 12:30:33] my_logger.INFO: Settings [] []
[2017-07-09 12:39:50] my_logger.INFO: Something interesting happened [] []
[2017-07-09 12:39:52] my_logger.INFO: Settings [] []
[2017-07-09 12:39:54] my_logger.INFO: ManageUsers [] []
[2017-07-09 12:40:10] my_logger.INFO: Settings [] []
[2017-07-09 12:40:32] my_logger.INFO: Settings [] []
[2017-07-09 12:40:44] my_logger.INFO: Settings [] []
[2017-07-09 12:40:45] my_logger.INFO: ManageUsers [] []
[2017-07-09 12:41:25] my_logger.INFO: ManageUsers [] []
[2017-07-09 12:41:28] my_logger.INFO: Settings [] []
[2017-07-09 12:41:31] my_logger.INFO: ManageUsers [] []
[2017-07-09 12:42:18] my_logger.INFO: Settings [] []
[2017-07-09 12:42:19] my_logger.INFO: ManageUsers [] []
[2017-07-09 12:42:37] my_logger.INFO: Settings [] []
[2017-07-09 12:42:38] my_logger.INFO: ManageUsers [] []
[2017-07-09 12:43:05] my_logger.INFO: Settings [] []
[2017-07-09 12:43:07] my_logger.INFO: ManageUsers [] []
[2017-07-09 12:44:08] my_logger.INFO: ManageUsers [] []
[2017-07-09 12:50:09] my_logger.INFO: Settings [] []
[2017-07-09 12:50:11] my_logger.INFO: ManageUsers [] []
[2017-07-09 12:50:44] my_logger.INFO: Settings [] []
[2017-07-09 12:50:45] my_logger.INFO: ManageUsers [] []
[2017-07-09 12:55:07] my_logger.INFO: Settings [] []
[2017-07-09 12:55:09] my_logger.INFO: ManageUsers [] []
[2017-07-09 12:55:25] my_logger.INFO: ManageUsers [] []
[2017-07-09 12:57:17] my_logger.INFO: Settings [] []
[2017-07-09 12:57:18] my_logger.INFO: ManageUsers [] []
[2017-07-09 12:57:25] my_logger.INFO: Something interesting happened [] []
[2017-07-09 12:57:25] my_logger.INFO: Something interesting happened [] []
[2017-07-09 12:57:27] my_logger.INFO: Settings [] []
[2017-07-09 12:57:28] my_logger.INFO: ManageUsers [] []
[2017-07-09 12:58:46] my_logger.INFO: Settings [] []
[2017-07-09 12:58:47] my_logger.INFO: ManageUsers [] []
[2017-07-09 13:05:14] my_logger.INFO: Settings [] []
[2017-07-09 13:05:16] my_logger.INFO: ManageUsers [] []
[2017-07-09 13:05:30] my_logger.INFO: ManageUsers [] []
[2017-07-09 13:10:06] my_logger.INFO: Settings [] []
[2017-07-09 13:10:09] my_logger.INFO: ManageUsers [] []
[2017-07-09 13:10:12] my_logger.INFO: ManageUsers [] []
[2017-07-09 13:10:36] my_logger.INFO: ManageUsers [] []
[2017-07-09 13:10:38] my_logger.INFO: ManageUsers [] []
[2017-07-09 13:11:50] my_logger.INFO: ManageUsers [] []
[2017-07-09 13:14:47] my_logger.INFO: Settings [] []
[2017-07-09 13:14:48] my_logger.INFO: ManageUsers [] []
[2017-07-09 13:16:23] my_logger.INFO: Settings [] []
[2017-07-09 13:16:24] my_logger.INFO: ManageUsers [] []
[2017-07-09 13:17:31] my_logger.INFO: ManageUsers [] []
[2017-07-09 13:17:57] my_logger.INFO: Settings [] []
[2017-07-09 13:17:59] my_logger.INFO: ManageUsers [] []
[2017-07-09 13:18:10] my_logger.INFO: ManageUsers [] []
[2017-07-09 13:18:14] my_logger.INFO: Something interesting happened [] []
[2017-07-09 13:18:20] my_logger.INFO: Settings [] []
[2017-07-09 13:18:22] my_logger.INFO: ManageUsers [] []
[2017-07-09 13:18:47] my_logger.INFO: ManageUsers [] []
[2017-07-09 13:18:53] my_logger.INFO: Settings [] []
[2017-07-09 13:19:16] my_logger.INFO: Something interesting happened [] []
[2017-07-09 13:19:18] my_logger.INFO: Settings [] []
[2017-07-09 13:19:19] my_logger.INFO: ManageUsers [] []
[2017-07-09 13:19:25] my_logger.INFO: ManageUsers [] []
[2017-07-09 13:19:30] my_logger.INFO: ManageUsers [] []
[2017-07-09 13:50:56] my_logger.INFO: ManageUsers [] []
[2017-07-09 13:50:57] my_logger.INFO: ManageUsers [] []
[2017-07-09 13:51:38] my_logger.INFO: Something interesting happened [] []
[2017-07-09 13:51:40] my_logger.INFO: Settings [] []
[2017-07-09 13:51:42] my_logger.INFO: ManageUsers [] []
[2017-07-09 13:52:38] my_logger.INFO: Settings [] []
[2017-07-09 13:52:39] my_logger.INFO: ManageUsers [] []
[2017-07-09 13:52:46] my_logger.INFO: ManageUsers [] []
[2017-07-09 13:52:57] my_logger.INFO: Settings [] []
[2017-07-09 13:52:58] my_logger.INFO: Settings [] []
[2017-07-09 13:52:59] my_logger.INFO: ManageUsers [] []
[2017-07-09 13:53:05] my_logger.INFO: ManageUsers [] []
[2017-07-09 14:02:18] my_logger.INFO: Settings [] []
[2017-07-09 14:02:20] my_logger.INFO: ManageUsers [] []
[2017-07-09 14:03:16] my_logger.INFO: ManageUsers [] []
[2017-07-09 14:32:37] my_logger.INFO: Settings [] []
[2017-07-09 14:32:38] my_logger.INFO: ManageUsers [] []
[2017-07-09 14:32:56] my_logger.INFO: Settings [] []
[2017-07-09 14:32:58] my_logger.INFO: ManageUsers [] []
[2017-07-09 14:33:33] my_logger.INFO: ManageUsers [] []
[2017-07-09 14:34:27] my_logger.INFO: ManageUsers [] []
[2017-07-09 14:36:25] my_logger.INFO: Settings [] []
[2017-07-09 14:36:27] my_logger.INFO: ManageUsers [] []
[2017-07-09 14:38:00] my_logger.INFO: Something interesting happened [] []
[2017-07-09 14:38:10] my_logger.INFO: Something interesting happened [] []
[2017-07-09 14:40:39] my_logger.INFO: Something interesting happened [] []
[2017-07-09 14:41:39] my_logger.INFO: Something interesting happened [] []
[2017-07-09 15:12:36] my_logger.INFO: Settings [] []
[2017-07-09 15:12:38] my_logger.INFO: Something interesting happened [] []
[2017-07-09 15:14:46] my_logger.INFO: Something interesting happened [] []
[2017-07-09 15:15:40] my_logger.INFO: Something interesting happened [] []
[2017-07-09 15:18:37] my_logger.INFO: Something interesting happened [] []
[2017-07-09 15:18:38] my_logger.INFO: Something interesting happened [] []
[2017-07-09 15:18:49] my_logger.INFO: Something interesting happened [] []
[2017-07-09 15:27:27] my_logger.INFO: Something interesting happened [] []
[2017-07-09 15:31:51] my_logger.INFO: Something interesting happened [] []
[2017-07-09 15:39:48] my_logger.INFO: Something interesting happened [] []
[2017-07-09 15:48:05] my_logger.INFO: Something interesting happened [] []
[2017-07-09 15:57:55] my_logger.INFO: Settings [] []
[2017-07-09 15:57:57] my_logger.INFO: ManageUsers [] []
[2017-07-09 15:59:26] my_logger.INFO: ManageUsers [] []
[2017-07-09 16:00:38] my_logger.INFO: ManageUsers [] []
[2017-07-09 16:00:39] my_logger.INFO: Settings [] []
[2017-07-09 16:00:41] my_logger.INFO: ManageUsers [] []
[2017-07-09 16:00:44] my_logger.INFO: Settings [] []
[2017-07-09 16:00:52] my_logger.INFO: ManageUsers [] []
[2017-07-09 16:01:16] my_logger.INFO: Settings [] []
[2017-07-09 16:01:19] my_logger.INFO: ManageUsers [] []
[2017-07-09 16:01:45] my_logger.INFO: Settings [] []
[2017-07-09 16:01:56] my_logger.INFO: Settings [] []
[2017-07-09 16:02:16] my_logger.INFO: Settings [] []
[2017-07-09 16:02:17] my_logger.INFO: ManageUsers [] []
[2017-07-09 16:02:32] my_logger.INFO: Settings [] []
[2017-07-09 16:02:33] my_logger.INFO: ManageUsers [] []
[2017-07-09 16:06:01] my_logger.INFO: Settings [] []
[2017-07-09 16:06:03] my_logger.INFO: ManageUsers [] []
[2017-07-09 16:08:59] my_logger.INFO: Settings [] []
[2017-07-09 16:09:01] my_logger.INFO: ManageUsers [] []
[2017-07-09 16:09:36] my_logger.INFO: Settings [] []
[2017-07-09 16:09:37] my_logger.INFO: ManageUsers [] []
[2017-07-09 16:09:52] my_logger.INFO: Settings [] []
[2017-07-09 16:09:53] my_logger.INFO: ManageUsers [] []
[2017-07-09 16:11:33] my_logger.INFO: Settings [] []
[2017-07-09 16:11:34] my_logger.INFO: ManageUsers [] []
[2017-07-09 16:11:57] my_logger.INFO: Settings [] []
[2017-07-09 16:11:58] my_logger.INFO: ManageUsers [] []
[2017-07-09 16:12:24] my_logger.INFO: Something interesting happened [] []
[2017-07-09 16:12:26] my_logger.INFO: Settings [] []
[2017-07-09 16:12:27] my_logger.INFO: ManageUsers [] []
[2017-07-09 16:12:29] my_logger.INFO: ManageUsers [] []
[2017-07-09 16:12:31] my_logger.INFO: ManageUsers [] []
[2017-07-09 16:12:33] my_logger.INFO: ManageUsers [] []
[2017-07-09 16:14:48] my_logger.INFO: Settings [] []
[2017-07-09 16:14:49] my_logger.INFO: ManageUsers [] []
[2017-07-09 16:16:32] my_logger.INFO: ManageUsers [] []
[2017-07-09 16:16:43] my_logger.INFO: Settings [] []
[2017-07-09 16:16:46] my_logger.INFO: ManageUsers [] []
[2017-07-09 16:17:32] my_logger.INFO: ManageUsers [] []
[2017-07-09 16:18:22] my_logger.INFO: ManageUsers [] []
[2017-07-09 16:18:28] my_logger.INFO: ManageUsers [] []
[2017-07-09 16:18:30] my_logger.INFO: ManageUsers [] []
[2017-07-09 16:18:56] my_logger.INFO: ManageUsers [] []
[2017-07-09 16:18:57] my_logger.INFO: ManageUsers [] []
[2017-07-09 16:19:45] my_logger.INFO: ManageUsers [] []
[2017-07-09 16:19:48] my_logger.INFO: ManageUsers [] []
[2017-07-09 16:21:13] my_logger.INFO: ManageUsers [] []
[2017-07-09 16:21:23] my_logger.INFO: ManageUsers [] []
[2017-07-09 16:23:10] my_logger.INFO: ManageUsers [] []
[2017-07-09 16:23:14] my_logger.INFO: ManageUsers [] []
[2017-07-09 16:23:22] my_logger.INFO: ManageUsers [] []
[2017-07-09 16:23:29] my_logger.INFO: ManageUsers [] []
[2017-07-09 16:24:06] my_logger.INFO: ManageUsers [] []
[2017-07-09 16:28:24] my_logger.INFO: Something interesting happened [] []
[2017-07-09 16:28:27] my_logger.INFO: Settings [] []
[2017-07-09 16:28:28] my_logger.INFO: ManageUsers [] []
[2017-07-09 16:29:34] my_logger.INFO: Something interesting happened [] []
[2017-07-09 16:29:36] my_logger.INFO: Settings [] []
[2017-07-09 16:29:37] my_logger.INFO: ManageUsers [] []
[2017-07-09 16:30:05] my_logger.INFO: ManageUsers [] []
[2017-07-09 16:30:10] my_logger.INFO: ManageUsers [] []
[2017-07-09 16:30:17] my_logger.INFO: ManageUsers [] []
[2017-07-09 16:30:28] my_logger.INFO: Settings [] []
[2017-07-09 16:30:31] my_logger.INFO: ManageUsers [] []
[2017-07-09 16:32:48] my_logger.INFO: ManageUsers [] []
[2017-07-09 16:33:25] my_logger.INFO: ManageUsers [] []
[2017-07-09 16:33:50] my_logger.INFO: ManageUsers [] []
[2017-07-09 16:35:15] my_logger.INFO: ManageUsers [] []
[2017-07-09 16:36:51] my_logger.INFO: ManageUsers [] []
[2017-07-09 16:37:55] my_logger.INFO: ManageUsers [] []
[2017-07-09 16:38:55] my_logger.INFO: ManageUsers [] []
[2017-07-09 16:39:19] my_logger.INFO: ManageUsers [] []
[2017-07-09 16:39:53] my_logger.INFO: ManageUsers [] []
[2017-07-09 16:44:29] my_logger.INFO: ManageUsers [] []
[2017-07-09 16:45:22] my_logger.INFO: ManageUsers [] []
[2017-07-09 16:45:58] my_logger.INFO: ManageUsers [] []
[2017-07-09 16:46:51] my_logger.INFO: ManageUsers [] []
[2017-07-09 16:47:12] my_logger.INFO: ManageUsers [] []
[2017-07-09 16:47:52] my_logger.INFO: ManageUsers [] []
[2017-07-09 16:48:15] my_logger.INFO: ManageUsers [] []
[2017-07-09 16:48:25] my_logger.INFO: ManageUsers [] []
[2017-07-09 16:48:46] my_logger.INFO: ManageUsers [] []
[2017-07-09 16:48:51] my_logger.INFO: ManageUsers [] []
[2017-07-09 16:48:56] my_logger.INFO: ManageUsers [] []
[2017-07-09 16:49:04] my_logger.INFO: ManageUsers [] []
[2017-07-09 16:49:28] my_logger.INFO: Settings [] []
[2017-07-09 16:49:29] my_logger.INFO: ManageUsers [] []
[2017-07-09 16:50:04] my_logger.INFO: ManageUsers [] []
[2017-07-09 16:50:09] my_logger.INFO: ManageUsers [] []
[2017-07-09 16:50:17] my_logger.INFO: ManageUsers [] []
[2017-07-09 16:50:22] my_logger.INFO: ManageUsers [] []
[2017-07-09 16:50:25] my_logger.INFO: ManageUsers [] []
[2017-07-09 16:50:29] my_logger.INFO: ManageUsers [] []
[2017-07-09 16:50:33] my_logger.INFO: ManageUsers [] []
[2017-07-09 16:50:53] my_logger.INFO: Settings [] []
[2017-07-09 16:50:55] my_logger.INFO: ManageUsers [] []
[2017-07-09 16:50:56] my_logger.INFO: Events [] []
[2017-07-09 16:50:56] my_logger.INFO: Events [] []
[2017-07-09 16:50:57] my_logger.INFO: Flimsys [] []
[2017-07-09 16:50:58] my_logger.INFO: Something interesting happened [] []
[2017-07-09 16:51:00] my_logger.INFO: Something interesting happened [] []
[2017-07-09 16:51:15] my_logger.INFO: Something interesting happened [] []
[2017-07-09 16:59:44] my_logger.INFO: Something interesting happened [] []
[2017-07-09 17:03:41] my_logger.INFO: Something interesting happened [] []
[2017-07-09 17:09:24] my_logger.INFO: Something interesting happened [] []
[2017-07-09 17:09:28] my_logger.INFO: Something interesting happened [] []
[2017-07-09 17:09:35] my_logger.INFO: Something interesting happened [] []
[2017-07-09 17:11:15] my_logger.INFO: Something interesting happened [] []
[2017-07-09 17:15:09] my_logger.INFO: Something interesting happened [] []
[2017-07-09 17:19:19] my_logger.INFO: Something interesting happened [] []
[2017-07-09 17:21:51] my_logger.INFO: Something interesting happened [] []
[2017-07-09 17:22:16] my_logger.INFO: Something interesting happened [] []
[2017-07-09 17:22:22] my_logger.INFO: Something interesting happened [] []
[2017-07-09 17:22:38] my_logger.INFO: Something interesting happened [] []
[2017-07-09 17:25:04] my_logger.INFO: Something interesting happened [] []
[2017-07-09 17:28:26] my_logger.INFO: Something interesting happened [] []
[2017-07-09 17:30:17] my_logger.INFO: Something interesting happened [] []
[2017-07-09 17:30:36] my_logger.INFO: Something interesting happened [] []
[2017-07-09 17:31:18] my_logger.INFO: Something interesting happened [] []
[2017-07-09 17:35:02] my_logger.INFO: Something interesting happened [] []
[2017-07-09 17:35:46] my_logger.INFO: Something interesting happened [] []
[2017-07-09 17:36:26] my_logger.INFO: Something interesting happened [] []
[2017-07-09 17:36:27] my_logger.INFO: Something interesting happened [] []
[2017-07-09 17:36:44] my_logger.INFO: Something interesting happened [] []
[2017-07-09 17:36:47] my_logger.INFO: Flimsys [] []
[2017-07-09 17:36:49] my_logger.INFO: Something interesting happened [] []
[2017-07-09 17:36:52] my_logger.INFO: Events [] []
[2017-07-09 17:36:53] my_logger.INFO: Settings [] []
[2017-07-09 17:37:00] my_logger.INFO: Settings [] []
[2017-07-09 17:37:10] my_logger.INFO: Something interesting happened [] []
[2017-07-09 17:37:11] my_logger.INFO: Flimsys [] []
[2017-07-09 17:37:11] my_logger.INFO: Events [] []
[2017-07-09 17:37:12] my_logger.INFO: Settings [] []
[2017-07-09 17:37:50] my_logger.INFO: Something interesting happened [] []
[2017-07-09 17:43:43] my_logger.INFO: Something interesting happened [] []
[2017-07-09 17:43:59] my_logger.INFO: Something interesting happened [] []
[2017-07-09 17:44:00] my_logger.INFO: Flimsys [] []
[2017-07-09 17:44:01] my_logger.INFO: Flimsys [] []
[2017-07-09 17:44:01] my_logger.INFO: Events [] []
[2017-07-09 17:44:02] my_logger.INFO: Something interesting happened [] []
[2017-07-09 17:44:08] my_logger.INFO: Something interesting happened [] []
[2017-07-09 17:46:25] my_logger.INFO: Something interesting happened [] []
[2017-07-09 17:46:27] my_logger.INFO: Flimsys [] []
[2017-07-09 17:46:28] my_logger.INFO: Events [] []
[2017-07-09 17:46:29] my_logger.INFO: Settings [] []
[2017-07-09 17:46:35] my_logger.INFO: Something interesting happened [] []
[2017-07-09 18:02:46] my_logger.INFO: Something interesting happened [] []
[2017-07-09 18:03:48] my_logger.INFO: Something interesting happened [] []
[2017-07-09 18:10:42] my_logger.INFO: Something interesting happened [] []
[2017-07-09 18:10:49] my_logger.INFO: Something interesting happened [] []
[2017-07-09 18:10:51] my_logger.INFO: Something interesting happened [] []
[2017-07-09 18:10:52] my_logger.INFO: Flimsys [] []
[2017-07-09 18:10:53] my_logger.INFO: Something interesting happened [] []
[2017-07-09 18:10:54] my_logger.INFO: Something interesting happened [] []
[2017-07-09 18:11:23] my_logger.INFO: Something interesting happened [] []
[2017-07-09 18:13:16] my_logger.INFO: Something interesting happened [] []
[2017-07-09 18:13:53] my_logger.INFO: Something interesting happened [] []
[2017-07-09 18:17:39] my_logger.INFO: Something interesting happened [] []
[2017-07-09 18:18:06] my_logger.INFO: Something interesting happened [] []
[2017-07-09 18:18:14] my_logger.INFO: Something interesting happened [] []
[2017-07-09 18:25:14] my_logger.INFO: Something interesting happened [] []
[2017-07-09 18:26:18] my_logger.INFO: Something interesting happened [] []
[2017-07-09 18:26:33] my_logger.INFO: Something interesting happened [] []
[2017-07-09 18:30:27] my_logger.INFO: Something interesting happened [] []
[2017-07-09 18:30:38] my_logger.INFO: Something interesting happened [] []
[2017-07-09 18:30:41] my_logger.INFO: Something interesting happened [] []
[2017-07-09 18:30:51] my_logger.INFO: Something interesting happened [] []
[2017-07-09 18:35:22] my_logger.INFO: Something interesting happened [] []
[2017-07-09 18:35:31] my_logger.INFO: Flimsys [] []
[2017-07-09 18:35:33] my_logger.INFO: Events [] []
[2017-07-09 18:35:33] my_logger.INFO: Settings [] []
[2017-07-09 18:35:36] my_logger.INFO: ManageUsers [] []
[2017-07-09 18:35:58] my_logger.INFO: Something interesting happened [] []
[2017-07-09 18:36:59] my_logger.INFO: Flimsys [] []
[2017-07-09 18:37:00] my_logger.INFO: Something interesting happened [] []
[2017-07-09 18:37:01] my_logger.INFO: Events [] []
[2017-07-09 18:37:02] my_logger.INFO: Settings [] []
[2017-07-09 18:37:04] my_logger.INFO: ManageUsers [] []
[2017-07-09 18:37:07] my_logger.INFO: Something interesting happened [] []
[2017-07-09 18:37:29] my_logger.INFO: Something interesting happened [] []
[2017-07-09 18:37:35] my_logger.INFO: Flimsys [] []
[2017-07-09 18:37:36] my_logger.INFO: Events [] []
[2017-07-09 18:37:38] my_logger.INFO: Settings [] []
[2017-07-09 18:37:40] my_logger.INFO: ManageUsers [] []
[2017-07-09 18:37:58] my_logger.INFO: Something interesting happened [] []
[2017-07-09 18:38:30] my_logger.INFO: Something interesting happened [] []
[2017-07-09 18:38:38] my_logger.INFO: Flimsys [] []
[2017-07-09 18:38:40] my_logger.INFO: Something interesting happened [] []
[2017-07-09 18:38:57] my_logger.INFO: Something interesting happened [] []
[2017-07-09 18:39:28] my_logger.INFO: Something interesting happened [] []
[2017-07-09 18:42:18] my_logger.INFO: Something interesting happened [] []
[2017-07-09 18:42:22] my_logger.INFO: Something interesting happened [] []
[2017-07-09 18:42:22] my_logger.INFO: Something interesting happened [] []
[2017-07-09 18:42:39] my_logger.INFO: Something interesting happened [] []
[2017-07-10 10:42:24] my_logger.INFO: Something interesting happened [] []
[2017-07-10 10:42:25] my_logger.INFO: Something interesting happened [] []
[2017-07-10 10:42:29] my_logger.INFO: Something interesting happened [] []
[2017-07-10 10:42:36] my_logger.INFO: Something interesting happened [] []
[2017-07-10 10:44:05] my_logger.INFO: Something interesting happened [] []
[2017-07-10 10:44:11] my_logger.INFO: Something interesting happened [] []
[2017-07-10 10:44:16] my_logger.INFO: Something interesting happened [] []
[2017-07-10 10:44:17] my_logger.INFO: Flimsys [] []
[2017-07-10 10:44:19] my_logger.INFO: Events [] []
[2017-07-10 10:44:19] my_logger.INFO: Settings [] []
[2017-07-10 10:44:20] my_logger.INFO: ManageUsers [] []
[2017-07-10 10:45:25] my_logger.INFO: Something interesting happened [] []
[2017-07-10 10:45:30] my_logger.INFO: Something interesting happened [] []
[2017-07-10 10:53:32] my_logger.INFO: Something interesting happened [] []
[2017-07-10 10:56:51] my_logger.INFO: Something interesting happened [] []
[2017-07-10 10:57:32] my_logger.INFO: Something interesting happened [] []
[2017-07-10 10:57:37] my_logger.INFO: Something interesting happened [] []
[2017-07-10 11:00:23] my_logger.INFO: Something interesting happened [] []
[2017-07-10 11:05:49] my_logger.INFO: Something interesting happened [] []
[2017-07-10 11:06:32] my_logger.INFO: Something interesting happened [] []
[2017-07-10 11:06:47] my_logger.INFO: Something interesting happened [] []
[2017-07-10 11:06:50] my_logger.INFO: Settings [] []
[2017-07-10 11:06:51] my_logger.INFO: Flimsys [] []
[2017-07-10 11:06:52] my_logger.INFO: Something interesting happened [] []
[2017-07-10 11:06:56] my_logger.INFO: Something interesting happened [] []
[2017-07-10 11:09:02] my_logger.INFO: Something interesting happened [] []
[2017-07-10 11:09:07] my_logger.INFO: Something interesting happened [] []
[2017-07-10 11:09:08] my_logger.INFO: Flimsys [] []
[2017-07-10 11:09:09] my_logger.INFO: Events [] []
[2017-07-10 11:09:10] my_logger.INFO: Settings [] []
[2017-07-10 11:09:12] my_logger.INFO: Something interesting happened [] []
[2017-07-10 11:09:13] my_logger.INFO: Settings [] []
[2017-07-10 11:09:46] my_logger.INFO: Settings [] []
[2017-07-10 11:09:53] my_logger.INFO: Something interesting happened [] []
[2017-07-10 11:10:10] my_logger.INFO: Something interesting happened [] []
[2017-07-10 11:10:23] my_logger.INFO: Something interesting happened [] []
[2017-07-10 11:10:51] my_logger.INFO: Something interesting happened [] []
[2017-07-10 11:11:01] my_logger.INFO: Something interesting happened [] []
[2017-07-10 11:11:13] my_logger.INFO: Something interesting happened [] []
[2017-07-10 11:12:52] my_logger.INFO: Something interesting happened [] []
[2017-07-10 11:13:21] my_logger.INFO: Something interesting happened [] []
[2017-07-10 11:13:25] my_logger.INFO: Settings [] []
[2017-07-10 11:13:27] my_logger.INFO: Events [] []
[2017-07-10 11:13:28] my_logger.INFO: Something interesting happened [] []
[2017-07-10 11:17:09] my_logger.INFO: Something interesting happened [] []
[2017-07-10 11:17:36] my_logger.INFO: Something interesting happened [] []
[2017-07-10 11:17:44] my_logger.INFO: Something interesting happened [] []
[2017-07-10 11:17:46] my_logger.INFO: Something interesting happened [] []
[2017-07-10 11:18:01] my_logger.INFO: Something interesting happened [] []
[2017-07-10 11:18:06] my_logger.INFO: Events [] []
[2017-07-10 11:18:07] my_logger.INFO: Settings [] []
[2017-07-10 11:18:09] my_logger.INFO: Something interesting happened [] []
[2017-07-10 11:18:16] my_logger.INFO: Something interesting happened [] []
[2017-07-10 11:18:48] my_logger.INFO: Something interesting happened [] []
[2017-07-10 11:18:55] my_logger.INFO: Settings [] []
[2017-07-10 11:18:56] my_logger.INFO: Settings [] []
[2017-07-10 11:18:57] my_logger.INFO: Events [] []
[2017-07-10 11:18:58] my_logger.INFO: Flimsys [] []
[2017-07-10 11:18:59] my_logger.INFO: Something interesting happened [] []
[2017-07-10 11:19:00] my_logger.INFO: Settings [] []
[2017-07-10 11:19:03] my_logger.INFO: Events [] []
[2017-07-10 11:19:04] my_logger.INFO: Flimsys [] []
[2017-07-10 11:19:04] my_logger.INFO: Something interesting happened [] []
[2017-07-10 11:19:06] my_logger.INFO: Flimsys [] []
[2017-07-10 11:19:07] my_logger.INFO: Events [] []
[2017-07-10 11:19:08] my_logger.INFO: Settings [] []
[2017-07-10 11:19:09] my_logger.INFO: Something interesting happened [] []
[2017-07-10 11:19:09] my_logger.INFO: Something interesting happened [] []
[2017-07-10 11:19:11] my_logger.INFO: Something interesting happened [] []
[2017-07-10 11:22:17] my_logger.INFO: Something interesting happened [] []
[2017-07-10 11:22:58] my_logger.INFO: Something interesting happened [] []
[2017-07-10 11:26:31] my_logger.INFO: Something interesting happened [] []
[2017-07-10 11:29:11] my_logger.INFO: Something interesting happened [] []
[2017-07-10 11:29:14] my_logger.INFO: Something interesting happened [] []
[2017-07-10 11:29:36] my_logger.INFO: Something interesting happened [] []
[2017-07-10 11:29:40] my_logger.INFO: Settings [] []
[2017-07-10 11:29:41] my_logger.INFO: Something interesting happened [] []
[2017-07-10 11:29:42] my_logger.INFO: Flimsys [] []
[2017-07-10 11:29:43] my_logger.INFO: Events [] []
[2017-07-10 11:29:44] my_logger.INFO: Settings [] []
[2017-07-10 11:29:45] my_logger.INFO: Something interesting happened [] []
[2017-07-10 11:29:49] my_logger.INFO: Something interesting happened [] []
[2017-07-10 11:33:58] my_logger.INFO: Something interesting happened [] []
[2017-07-10 11:34:52] my_logger.INFO: Something interesting happened [] []
[2017-07-10 11:34:55] my_logger.INFO: Something interesting happened [] []
[2017-07-10 11:34:57] my_logger.INFO: Something interesting happened [] []
[2017-07-10 11:35:33] my_logger.INFO: Something interesting happened [] []
[2017-07-10 11:35:57] my_logger.INFO: Something interesting happened [] []
[2017-07-10 11:37:24] my_logger.INFO: Something interesting happened [] []
[2017-07-10 11:37:50] my_logger.INFO: Something interesting happened [] []
[2017-07-10 11:37:57] my_logger.INFO: Settings [] []
[2017-07-10 11:37:58] my_logger.INFO: Events [] []
[2017-07-10 11:37:59] my_logger.INFO: Flimsys [] []
[2017-07-10 11:38:00] my_logger.INFO: Something interesting happened [] []
[2017-07-10 11:38:08] my_logger.INFO: Something interesting happened [] []
[2017-07-10 11:38:09] my_logger.INFO: Flimsys [] []
[2017-07-10 11:38:10] my_logger.INFO: Something interesting happened [] []
[2017-07-10 11:38:28] my_logger.INFO: Something interesting happened [] []
[2017-07-10 11:38:31] my_logger.INFO: Something interesting happened [] []
[2017-07-10 11:38:44] my_logger.INFO: Something interesting happened [] []
[2017-07-10 11:38:50] my_logger.INFO: Settings [] []
[2017-07-10 11:38:52] my_logger.INFO: ManageUsers [] []
[2017-07-10 11:38:59] my_logger.INFO: Flimsys [] []
[2017-07-10 11:39:00] my_logger.INFO: Events [] []
[2017-07-10 11:39:01] my_logger.INFO: Events [] []
[2017-07-10 11:39:02] my_logger.INFO: Flimsys [] []
[2017-07-10 11:39:03] my_logger.INFO: Settings [] []
[2017-07-10 11:39:04] my_logger.INFO: ManageUsers [] []
[2017-07-10 11:39:09] my_logger.INFO: ManageUsers [] []
[2017-07-10 11:39:10] my_logger.INFO: Something interesting happened [] []
[2017-07-10 11:39:34] my_logger.INFO: Flimsys [] []
[2017-07-10 11:39:34] my_logger.INFO: Events [] []
[2017-07-10 11:39:35] my_logger.INFO: Settings [] []
[2017-07-10 11:39:36] my_logger.INFO: Something interesting happened [] []
[2017-07-10 11:39:45] my_logger.INFO: Settings [] []
[2017-07-10 11:47:45] my_logger.INFO: Flimsys [] []
[2017-07-10 11:47:47] my_logger.INFO: Events [] []
[2017-07-10 11:47:47] my_logger.INFO: Settings [] []
[2017-07-10 11:47:49] my_logger.INFO: ManageUsers [] []
[2017-07-10 11:57:16] my_logger.INFO: ManageUsers [] []
[2017-07-10 14:01:24] my_logger.INFO: Something interesting happened [] []
[2017-07-10 14:01:30] my_logger.INFO: Settings [] []
[2017-07-10 14:01:31] my_logger.INFO: Something interesting happened [] []
[2017-07-10 14:01:46] my_logger.INFO: Flimsys [] []
[2017-07-10 14:01:47] my_logger.INFO: Events [] []
[2017-07-10 14:01:48] my_logger.INFO: Settings [] []
[2017-07-10 14:01:48] my_logger.INFO: Something interesting happened [] []
[2017-07-10 14:01:51] my_logger.INFO: Settings [] []
[2017-07-10 14:01:52] my_logger.INFO: ManageUsers [] []
[2017-07-10 14:07:08] my_logger.INFO: ManageUsers [] []
[2017-07-10 14:07:18] my_logger.INFO: ManageUsers [] []
[2017-07-10 14:09:09] my_logger.INFO: ManageUsers [] []
[2017-07-10 14:10:54] my_logger.INFO: Settings [] []
[2017-07-10 14:10:58] my_logger.INFO: Something interesting happened [] []
[2017-07-10 14:15:17] my_logger.INFO: Settings [] []
[2017-07-10 14:15:18] my_logger.INFO: ManageUsers [] []
[2017-07-10 14:16:01] my_logger.INFO: Something interesting happened [] []
[2017-07-10 14:16:10] my_logger.INFO: Settings [] []
[2017-07-10 14:16:11] my_logger.INFO: ManageUsers [] []
[2017-07-10 14:17:33] my_logger.INFO: ManageUsers [] []
[2017-07-10 14:18:45] my_logger.INFO: Flimsys [] []
[2017-07-10 14:18:46] my_logger.INFO: Something interesting happened [] []
[2017-07-10 14:38:59] my_logger.INFO: Something interesting happened [] []
[2017-07-10 14:39:07] my_logger.INFO: Something interesting happened [] []
[2017-07-10 17:20:32] my_logger.INFO: Something interesting happened [] []
[2017-07-10 17:35:46] my_logger.INFO: Something interesting happened [] []
[2017-07-10 17:36:35] my_logger.INFO: Settings [] []
[2017-07-10 17:36:37] my_logger.INFO: ManageUsers [] []
[2017-07-10 17:37:37] my_logger.INFO: ManageUsers [] []
[2017-07-10 17:38:35] my_logger.INFO: Something interesting happened [] []
[2017-07-10 17:44:37] my_logger.INFO: Something interesting happened [] []
[2017-07-10 18:04:43] my_logger.INFO: Something interesting happened [] []
[2017-07-10 18:08:49] my_logger.INFO: Something interesting happened [] []
[2017-07-10 18:11:42] my_logger.INFO: Something interesting happened [] []
[2017-07-10 18:11:46] my_logger.INFO: Something interesting happened [] []
[2017-07-10 18:11:58] my_logger.INFO: Something interesting happened [] []
[2017-07-10 18:17:55] my_logger.INFO: Something interesting happened [] []
[2017-07-10 18:18:15] my_logger.INFO: Something interesting happened [] []
[2017-07-10 18:19:16] my_logger.INFO: Something interesting happened [] []
[2017-07-10 18:20:08] my_logger.INFO: Something interesting happened [] []
[2017-07-10 18:20:11] my_logger.INFO: Something interesting happened [] []
[2017-07-10 18:20:48] my_logger.INFO: Something interesting happened [] []
[2017-07-10 18:21:17] my_logger.INFO: Something interesting happened [] []
[2017-07-10 18:22:02] my_logger.INFO: Something interesting happened [] []
[2017-07-10 18:23:05] my_logger.INFO: Something interesting happened [] []
[2017-07-10 18:23:20] my_logger.INFO: Something interesting happened [] []
[2017-07-10 18:23:29] my_logger.INFO: Something interesting happened [] []
[2017-07-10 18:23:32] my_logger.INFO: Something interesting happened [] []
[2017-07-10 18:23:40] my_logger.INFO: Something interesting happened [] []
[2017-07-10 18:23:44] my_logger.INFO: Something interesting happened [] []
[2017-07-10 18:23:45] my_logger.INFO: Something interesting happened [] []
[2017-07-10 18:23:56] my_logger.INFO: Something interesting happened [] []
[2017-07-10 18:24:01] my_logger.INFO: Something interesting happened [] []
[2017-07-10 18:24:01] my_logger.INFO: Something interesting happened [] []
[2017-07-10 18:24:02] my_logger.INFO: Something interesting happened [] []
[2017-07-10 18:24:03] my_logger.INFO: Something interesting happened [] []
[2017-07-10 18:24:04] my_logger.INFO: Something interesting happened [] []
[2017-07-10 18:30:19] my_logger.INFO: Settings [] []
[2017-07-10 18:30:21] my_logger.INFO: ManageUsers [] []
[2017-07-10 18:30:23] my_logger.INFO: Settings [] []
[2017-07-10 18:30:24] my_logger.INFO: ManageUsers [] []
[2017-07-10 18:30:44] my_logger.INFO: Something interesting happened [] []
[2017-07-10 18:32:00] my_logger.INFO: Something interesting happened [] []
[2017-07-10 18:32:05] my_logger.INFO: Something interesting happened [] []
[2017-07-10 18:32:55] my_logger.INFO: Something interesting happened [] []
[2017-07-10 18:33:42] my_logger.INFO: Flimsys [] []
[2017-07-10 18:33:44] my_logger.INFO: Something interesting happened [] []
[2017-07-10 18:34:34] my_logger.INFO: Something interesting happened [] []
[2017-07-10 18:36:13] my_logger.INFO: Something interesting happened [] []
[2017-07-10 18:36:33] my_logger.INFO: Something interesting happened [] []
[2017-07-10 18:36:35] my_logger.INFO: Settings [] []
[2017-07-10 18:36:37] my_logger.INFO: ManageUsers [] []
[2017-07-10 18:36:43] my_logger.INFO: ManageUsers [] []
[2017-07-10 18:36:56] my_logger.INFO: Settings [] []
[2017-07-10 18:36:57] my_logger.INFO: ManageUsers [] []
[2017-07-10 18:37:01] my_logger.INFO: Something interesting happened [] []
[2017-07-10 18:37:46] my_logger.INFO: Something interesting happened [] []
[2017-07-10 18:38:03] my_logger.INFO: Something interesting happened [] []
[2017-07-10 18:38:08] my_logger.INFO: Settings [] []
[2017-07-10 18:38:09] my_logger.INFO: Events [] []
[2017-07-10 18:38:10] my_logger.INFO: Flimsys [] []
[2017-07-10 18:38:20] my_logger.INFO: Settings [] []
[2017-07-10 18:41:17] my_logger.INFO: ManageUsers [] []
[2017-07-10 18:42:17] my_logger.INFO: ManageUsers [] []
[2017-07-10 18:43:02] my_logger.INFO: ManageUsers [] []
[2017-07-10 18:43:33] my_logger.INFO: ManageUsers [] []
[2017-07-10 18:44:06] my_logger.INFO: ManageUsers [] []
[2017-07-10 18:44:49] my_logger.INFO: ManageUsers [] []
[2017-07-10 18:45:31] my_logger.INFO: ManageUsers [] []
[2017-07-10 18:46:11] my_logger.INFO: ManageUsers [] []
[2017-07-10 18:54:44] my_logger.INFO: Something interesting happened [] []
[2017-07-10 19:08:35] my_logger.INFO: Settings [] []
[2017-07-10 19:08:36] my_logger.INFO: ManageUsers [] []
[2017-07-10 19:15:39] my_logger.INFO: Something interesting happened [] []
[2017-07-11 10:54:33] my_logger.INFO: Something interesting happened [] []
[2017-07-11 10:54:36] my_logger.INFO: Settings [] []
[2017-07-11 10:54:38] my_logger.INFO: ManageUsers [] []
[2017-07-11 10:54:51] my_logger.INFO: ManageUsers [] []
[2017-07-11 10:55:00] my_logger.INFO: ManageUsers [] []
[2017-07-11 10:56:55] my_logger.INFO: Something interesting happened [] []
[2017-07-11 10:57:13] my_logger.INFO: Something interesting happened [] []
[2017-07-11 10:58:19] my_logger.INFO: Settings [] []
[2017-07-11 10:58:20] my_logger.INFO: ManageUsers [] []
[2017-07-11 10:58:22] my_logger.INFO: ManageUsers [] []
[2017-07-11 11:02:22] my_logger.INFO: Settings [] []
[2017-07-11 11:02:23] my_logger.INFO: ManageUsers [] []
[2017-07-11 11:06:48] my_logger.INFO: Settings [] []
[2017-07-11 11:06:49] my_logger.INFO: ManageUsers [] []
[2017-07-11 11:10:11] my_logger.INFO: ManageUsers [] []
[2017-07-11 11:10:22] my_logger.INFO: ManageUsers [] []
[2017-07-11 11:11:22] my_logger.INFO: Settings [] []
[2017-07-11 11:11:23] my_logger.INFO: ManageUsers [] []
[2017-07-11 11:39:08] my_logger.INFO: Events [] []
[2017-07-11 11:39:10] my_logger.INFO: Flimsys [] []
[2017-07-11 11:39:15] my_logger.INFO: Settings [] []
[2017-07-11 11:39:17] my_logger.INFO: ManageUsers [] []
[2017-07-11 11:39:49] my_logger.INFO: Settings [] []
[2017-07-11 11:39:50] my_logger.INFO: Events [] []
[2017-07-11 11:39:51] my_logger.INFO: Flimsys [] []
[2017-07-11 12:36:49] my_logger.INFO: Flimsys [] []
[2017-07-11 12:36:50] my_logger.INFO: Events [] []
[2017-07-11 12:36:51] my_logger.INFO: Settings [] []
[2017-07-11 12:37:03] my_logger.INFO: Something interesting happened [] []
[2017-07-11 14:14:07] my_logger.INFO: Something interesting happened [] []
[2017-07-11 14:14:09] my_logger.INFO: Settings [] []
[2017-07-11 14:14:10] my_logger.INFO: ManageUsers [] []
[2017-07-11 14:37:40] my_logger.INFO: Settings [] []
[2017-07-11 14:37:41] my_logger.INFO: ManageUsers [] []
[2017-07-11 15:10:24] my_logger.INFO: ManageUsers [] []
[2017-07-11 15:14:32] my_logger.INFO: Settings [] []
[2017-07-11 15:14:34] my_logger.INFO: ManageUsers [] []
[2017-07-11 15:15:58] my_logger.INFO: ManageUsers [] []
[2017-07-11 15:16:02] my_logger.INFO: ManageUsers [] []
[2017-07-11 15:16:35] my_logger.INFO: ManageUsers [] []
[2017-07-11 15:29:08] my_logger.INFO: ManageUsers [] []
[2017-07-11 15:30:18] my_logger.INFO: ManageUsers [] []
[2017-07-11 15:30:53] my_logger.INFO: ManageUsers [] []
[2017-07-11 15:31:47] my_logger.INFO: ManageUsers [] []
[2017-07-11 15:33:58] my_logger.INFO: ManageUsers [] []
[2017-07-11 15:36:42] my_logger.INFO: ManageUsers [] []
[2017-07-11 15:37:49] my_logger.INFO: ManageUsers [] []
[2017-07-11 15:38:54] my_logger.INFO: ManageUsers [] []
[2017-07-11 15:40:01] my_logger.INFO: ManageUsers [] []
[2017-07-11 15:44:25] my_logger.INFO: ManageUsers [] []
[2017-07-11 15:44:27] my_logger.INFO: ManageUsers [] []
[2017-07-11 15:47:18] my_logger.INFO: ManageUsers [] []
[2017-07-11 15:47:27] my_logger.INFO: ManageUsers [] []
[2017-07-11 15:47:35] my_logger.INFO: ManageUsers [] []
[2017-07-11 15:52:17] my_logger.INFO: ManageUsers [] []
[2017-07-11 15:52:26] my_logger.INFO: ManageUsers [] []
[2017-07-11 15:52:41] my_logger.INFO: ManageUsers [] []
[2017-07-11 15:52:48] my_logger.INFO: ManageUsers [] []
[2017-07-11 15:55:17] my_logger.INFO: ManageUsers [] []
[2017-07-11 15:57:18] my_logger.INFO: ManageUsers [] []
[2017-07-11 15:57:22] my_logger.INFO: ManageUsers [] []
[2017-07-11 15:57:25] my_logger.INFO: ManageUsers [] []
[2017-07-11 15:57:36] my_logger.INFO: ManageUsers [] []
[2017-07-11 16:02:13] my_logger.INFO: ManageUsers [] []
[2017-07-11 16:06:49] my_logger.INFO: ManageUsers [] []
[2017-07-11 16:07:05] my_logger.INFO: ManageUsers [] []
[2017-07-11 16:07:34] my_logger.INFO: ManageUsers [] []
[2017-07-11 16:07:38] my_logger.INFO: ManageUsers [] []
[2017-07-11 16:11:59] my_logger.INFO: ManageUsers [] []
[2017-07-11 16:12:01] my_logger.INFO: ManageUsers [] []
[2017-07-11 16:12:03] my_logger.INFO: ManageUsers [] []
[2017-07-11 16:12:04] my_logger.INFO: ManageUsers [] []
[2017-07-11 16:12:05] my_logger.INFO: ManageUsers [] []
[2017-07-11 16:12:07] my_logger.INFO: ManageUsers [] []
[2017-07-11 16:12:08] my_logger.INFO: ManageUsers [] []
[2017-07-11 16:12:09] my_logger.INFO: ManageUsers [] []
[2017-07-11 16:12:10] my_logger.INFO: ManageUsers [] []
[2017-07-11 16:12:10] my_logger.INFO: ManageUsers [] []
[2017-07-11 16:12:11] my_logger.INFO: ManageUsers [] []
[2017-07-11 16:12:12] my_logger.INFO: ManageUsers [] []
[2017-07-11 16:12:13] my_logger.INFO: ManageUsers [] []
[2017-07-11 16:12:16] my_logger.INFO: ManageUsers [] []
[2017-07-11 16:12:20] my_logger.INFO: ManageUsers [] []
[2017-07-11 16:12:23] my_logger.INFO: ManageUsers [] []
[2017-07-11 16:12:24] my_logger.INFO: ManageUsers [] []
[2017-07-11 16:12:26] my_logger.INFO: ManageUsers [] []
[2017-07-11 16:12:29] my_logger.INFO: ManageUsers [] []
[2017-07-11 16:12:29] my_logger.INFO: ManageUsers [] []
[2017-07-11 16:12:30] my_logger.INFO: ManageUsers [] []
[2017-07-11 16:12:35] my_logger.INFO: ManageUsers [] []
[2017-07-11 16:12:36] my_logger.INFO: ManageUsers [] []
[2017-07-11 16:12:38] my_logger.INFO: ManageUsers [] []
[2017-07-11 16:12:39] my_logger.INFO: ManageUsers [] []
[2017-07-11 16:12:40] my_logger.INFO: ManageUsers [] []
[2017-07-11 16:12:43] my_logger.INFO: ManageUsers [] []
[2017-07-11 16:15:25] my_logger.INFO: Settings [] []
[2017-07-11 16:15:27] my_logger.INFO: ManageUsers [] []
[2017-07-11 16:15:29] my_logger.INFO: ManageUsers [] []
[2017-07-11 16:15:32] my_logger.INFO: ManageUsers [] []
[2017-07-11 16:15:34] my_logger.INFO: ManageUsers [] []
[2017-07-11 16:15:35] my_logger.INFO: ManageUsers [] []
[2017-07-11 16:15:37] my_logger.INFO: ManageUsers [] []
[2017-07-11 16:15:41] my_logger.INFO: ManageUsers [] []
[2017-07-11 16:15:44] my_logger.INFO: ManageUsers [] []
[2017-07-11 16:15:45] my_logger.INFO: ManageUsers [] []
[2017-07-11 16:15:47] my_logger.INFO: ManageUsers [] []
[2017-07-11 16:15:49] my_logger.INFO: ManageUsers [] []
[2017-07-11 16:15:52] my_logger.INFO: Settings [] []
[2017-07-11 16:15:53] my_logger.INFO: ManageUsers [] []
[2017-07-11 16:16:00] my_logger.INFO: ManageUsers [] []
[2017-07-11 16:16:03] my_logger.INFO: ManageUsers [] []
[2017-07-11 16:16:05] my_logger.INFO: ManageUsers [] []
[2017-07-11 16:16:10] my_logger.INFO: ManageUsers [] []
[2017-07-11 16:16:54] my_logger.INFO: ManageUsers [] []
[2017-07-11 16:19:11] my_logger.INFO: ManageUsers [] []
[2017-07-11 16:20:25] my_logger.INFO: ManageUsers [] []
[2017-07-11 16:21:58] my_logger.INFO: ManageUsers [] []
[2017-07-11 16:22:14] my_logger.INFO: ManageUsers [] []
[2017-07-11 16:25:07] my_logger.INFO: ManageUsers [] []
[2017-07-11 16:25:37] my_logger.INFO: ManageUsers [] []
[2017-07-11 16:26:05] my_logger.INFO: ManageUsers [] []
[2017-07-11 16:26:08] my_logger.INFO: ManageUsers [] []
[2017-07-11 16:29:26] my_logger.INFO: ManageUsers [] []
[2017-07-11 16:32:31] my_logger.INFO: ManageUsers [] []
[2017-07-11 16:37:08] my_logger.INFO: ManageUsers [] []
[2017-07-11 16:38:48] my_logger.INFO: ManageUsers [] []
[2017-07-11 16:39:51] my_logger.INFO: ManageUsers [] []
[2017-07-11 16:39:54] my_logger.INFO: ManageUsers [] []
[2017-07-11 16:39:55] my_logger.INFO: ManageUsers [] []
[2017-07-11 16:39:58] my_logger.INFO: ManageUsers [] []
[2017-07-11 16:40:00] my_logger.INFO: ManageUsers [] []
[2017-07-11 16:40:01] my_logger.INFO: ManageUsers [] []
[2017-07-11 16:40:02] my_logger.INFO: ManageUsers [] []
[2017-07-11 16:40:04] my_logger.INFO: ManageUsers [] []
[2017-07-11 16:40:06] my_logger.INFO: ManageUsers [] []
[2017-07-11 16:41:14] my_logger.INFO: ManageUsers [] []
[2017-07-11 16:41:16] my_logger.INFO: ManageUsers [] []
[2017-07-11 16:41:45] my_logger.INFO: ManageUsers [] []
[2017-07-11 16:42:43] my_logger.INFO: ManageUsers [] []
[2017-07-11 16:42:47] my_logger.INFO: ManageUsers [] []
[2017-07-11 16:42:48] my_logger.INFO: ManageUsers [] []
[2017-07-11 16:42:50] my_logger.INFO: ManageUsers [] []
[2017-07-11 16:42:54] my_logger.INFO: ManageUsers [] []
[2017-07-11 16:42:58] my_logger.INFO: ManageUsers [] []
[2017-07-11 16:43:02] my_logger.INFO: ManageUsers [] []
[2017-07-11 16:44:25] my_logger.INFO: ManageUsers [] []
[2017-07-11 16:46:46] my_logger.INFO: Settings [] []
[2017-07-11 16:46:47] my_logger.INFO: ManageUsers [] []
[2017-07-11 16:46:50] my_logger.INFO: ManageUsers [] []
[2017-07-11 16:46:54] my_logger.INFO: ManageUsers [] []
[2017-07-11 16:47:01] my_logger.INFO: ManageUsers [] []
[2017-07-11 16:47:04] my_logger.INFO: ManageUsers [] []
[2017-07-11 16:49:15] my_logger.INFO: ManageUsers [] []
[2017-07-11 16:54:49] my_logger.INFO: ManageUsers [] []
[2017-07-11 16:55:10] my_logger.INFO: ManageUsers [] []
[2017-07-11 16:56:40] my_logger.INFO: ManageUsers [] []
[2017-07-11 16:58:19] my_logger.INFO: ManageUsers [] []
[2017-07-11 16:58:21] my_logger.INFO: ManageUsers [] []
[2017-07-11 16:58:59] my_logger.INFO: ManageUsers [] []
[2017-07-11 16:59:14] my_logger.INFO: ManageUsers [] []
[2017-07-11 16:59:15] my_logger.INFO: ManageUsers [] []
[2017-07-11 16:59:44] my_logger.INFO: ManageUsers [] []
[2017-07-11 17:00:28] my_logger.INFO: ManageUsers [] []
[2017-07-11 17:01:06] my_logger.INFO: ManageUsers [] []
[2017-07-11 17:02:25] my_logger.INFO: ManageUsers [] []
[2017-07-11 17:02:27] my_logger.INFO: Something interesting happened [] []
[2017-07-11 17:02:30] my_logger.INFO: Settings [] []
[2017-07-11 17:02:31] my_logger.INFO: ManageUsers [] []
[2017-07-11 17:03:12] my_logger.INFO: ManageUsers [] []
[2017-07-11 17:03:29] my_logger.INFO: ManageUsers [] []
[2017-07-11 17:03:31] my_logger.INFO: ManageUsers [] []
[2017-07-11 17:03:44] my_logger.INFO: ManageUsers [] []
[2017-07-11 17:03:53] my_logger.INFO: ManageUsers [] []
[2017-07-11 17:03:56] my_logger.INFO: ManageUsers [] []
[2017-07-11 17:04:54] my_logger.INFO: ManageUsers [] []
[2017-07-11 17:05:33] my_logger.INFO: ManageUsers [] []
[2017-07-11 17:05:49] my_logger.INFO: ManageUsers [] []
[2017-07-11 17:07:59] my_logger.INFO: ManageUsers [] []
[2017-07-11 17:08:21] my_logger.INFO: ManageUsers [] []
[2017-07-11 17:08:26] my_logger.INFO: ManageUsers [] []
[2017-07-11 17:08:41] my_logger.INFO: ManageUsers [] []
[2017-07-11 17:10:08] my_logger.INFO: ManageUsers [] []
[2017-07-11 17:10:10] my_logger.INFO: ManageUsers [] []
[2017-07-11 17:10:24] my_logger.INFO: ManageUsers [] []
[2017-07-11 17:10:25] my_logger.INFO: ManageUsers [] []
[2017-07-11 17:10:28] my_logger.INFO: ManageUsers [] []
[2017-07-11 17:11:20] my_logger.INFO: ManageUsers [] []
[2017-07-11 17:11:23] my_logger.INFO: ManageUsers [] []
[2017-07-11 17:11:26] my_logger.INFO: ManageUsers [] []
[2017-07-11 17:11:27] my_logger.INFO: ManageUsers [] []
[2017-07-11 17:11:28] my_logger.INFO: ManageUsers [] []
[2017-07-11 17:11:31] my_logger.INFO: ManageUsers [] []
[2017-07-11 17:11:32] my_logger.INFO: ManageUsers [] []
[2017-07-11 17:11:34] my_logger.INFO: ManageUsers [] []
[2017-07-11 17:11:35] my_logger.INFO: ManageUsers [] []
[2017-07-11 17:11:36] my_logger.INFO: ManageUsers [] []
[2017-07-11 17:11:37] my_logger.INFO: ManageUsers [] []
[2017-07-11 17:11:38] my_logger.INFO: ManageUsers [] []
[2017-07-11 17:11:39] my_logger.INFO: ManageUsers [] []
[2017-07-11 17:11:40] my_logger.INFO: ManageUsers [] []
[2017-07-11 17:11:41] my_logger.INFO: ManageUsers [] []
[2017-07-11 17:11:41] my_logger.INFO: ManageUsers [] []
[2017-07-11 17:11:44] my_logger.INFO: ManageUsers [] []
[2017-07-11 17:11:55] my_logger.INFO: ManageUsers [] []
[2017-07-11 17:38:32] my_logger.INFO: Settings [] []
[2017-07-11 17:38:34] my_logger.INFO: ManageUsers [] []
[2017-07-11 17:38:51] my_logger.INFO: Settings [] []
[2017-07-11 17:38:52] my_logger.INFO: ManageUsers [] []
[2017-07-11 17:39:02] my_logger.INFO: ManageUsers [] []
[2017-07-11 17:41:58] my_logger.INFO: Something interesting happened [] []
[2017-07-11 18:11:14] my_logger.INFO: Something interesting happened [] []
[2017-07-11 18:11:19] my_logger.INFO: Settings [] []
[2017-07-11 18:11:20] my_logger.INFO: ManageUsers [] []
[2017-07-11 18:11:35] my_logger.INFO: ManageUsers [] []
[2017-07-11 18:11:37] my_logger.INFO: ManageUsers [] []
[2017-07-11 18:11:38] my_logger.INFO: ManageUsers [] []
[2017-07-11 18:11:42] my_logger.INFO: ManageUsers [] []
[2017-07-11 18:11:46] my_logger.INFO: ManageUsers [] []
[2017-07-11 18:11:53] my_logger.INFO: ManageUsers [] []
[2017-07-11 18:12:11] my_logger.INFO: Events [] []
[2017-07-12 00:27:30] my_logger.INFO: Something interesting happened [] []
[2017-07-12 00:27:37] my_logger.INFO: Flimsys [] []
[2017-07-12 00:27:37] my_logger.INFO: Events [] []
[2017-07-12 00:27:38] my_logger.INFO: Settings [] []
[2017-07-12 00:27:40] my_logger.INFO: ManageUsers [] []
[2017-07-12 00:27:47] my_logger.INFO: ManageUsers [] []
[2017-07-12 00:27:55] my_logger.INFO: Flimsys [] []
[2017-07-12 00:27:56] my_logger.INFO: Events [] []
[2017-07-12 00:27:57] my_logger.INFO: Settings [] []
[2017-07-12 00:27:59] my_logger.INFO: ManageUsers [] []
[2017-07-12 00:28:25] my_logger.INFO: Something interesting happened [] []
[2017-07-12 10:18:33] my_logger.INFO: Something interesting happened [] []
[2017-07-12 16:12:20] my_logger.INFO: Something interesting happened [] []
[2017-07-12 17:23:42] my_logger.INFO: Directory [] []
[2017-07-12 17:24:56] my_logger.INFO: Directory [] []
[2017-07-12 17:25:06] my_logger.INFO: Directory [] []
[2017-07-13 10:57:24] my_logger.INFO: Something interesting happened [] []
[2017-07-13 10:57:44] my_logger.INFO: Something interesting happened [] []
[2017-07-13 10:58:56] my_logger.INFO: Directory [] []
[2017-07-13 11:02:54] my_logger.INFO: Directory [] []
[2017-07-13 11:03:34] my_logger.INFO: Directory [] []
[2017-07-13 11:06:32] my_logger.INFO: Directory [] []
[2017-07-13 11:07:28] my_logger.INFO: Directory [] []
[2017-07-13 11:08:17] my_logger.INFO: Directory [] []
[2017-07-13 11:09:37] my_logger.INFO: Directory [] []
[2017-07-13 11:09:47] my_logger.INFO: Directory [] []
[2017-07-13 11:10:57] my_logger.INFO: Directory [] []
[2017-07-13 11:12:31] my_logger.INFO: Settings [] []
[2017-07-13 11:12:38] my_logger.INFO: Directory [] []
[2017-07-13 11:13:51] my_logger.INFO: Directory [] []
[2017-07-13 11:15:02] my_logger.INFO: Directory [] []
[2017-07-13 11:15:09] my_logger.INFO: Directory [] []
[2017-07-13 11:15:26] my_logger.INFO: Directory [] []
[2017-07-13 11:24:47] my_logger.INFO: Directory [] []
[2017-07-13 16:52:16] my_logger.INFO: Events [] []
[2017-07-13 16:52:16] my_logger.INFO: Events [] []
[2017-07-13 16:52:22] my_logger.INFO: Flimsys [] []
[2017-07-13 16:52:40] my_logger.INFO: Something interesting happened [] []
[2017-07-13 16:52:43] my_logger.INFO: Settings [] []
[2017-07-14 15:19:26] my_logger.INFO: Something interesting happened [] []
[2017-07-14 15:19:26] my_logger.INFO: Something interesting happened [] []
[2017-07-14 15:19:28] my_logger.INFO: Something interesting happened [] []
[2017-07-15 13:20:35] my_logger.INFO: Directory [] []
[2017-07-16 13:37:45] my_logger.INFO: Settings [] []
[2017-07-16 13:37:47] my_logger.INFO: ManageUsers [] []
[2017-07-16 13:37:53] my_logger.INFO: ManageUsers [] []
[2017-07-16 16:56:34] my_logger.INFO: Flimsys [] []
[2017-07-16 16:56:34] my_logger.INFO: Flimsys [] []
[2017-07-16 16:56:36] my_logger.INFO: Flimsys [] []
[2017-07-16 17:58:54] my_logger.INFO: Flimsys [] []
[2017-07-16 17:58:55] my_logger.INFO: Flimsys [] []
[2017-07-16 18:12:01] my_logger.INFO: Settings [] []
[2017-07-16 18:12:45] my_logger.INFO: Settings [] []
[2017-07-16 18:12:47] my_logger.INFO: ManageUsers [] []
[2017-07-16 18:12:49] my_logger.INFO: ManageUsers [] []
[2017-07-16 18:12:51] my_logger.INFO: ManageUsers [] []
[2017-07-16 18:12:54] my_logger.INFO: ManageUsers [] []
[2017-07-16 18:18:30] my_logger.INFO: Something interesting happened [] []
[2017-07-17 10:12:40] my_logger.INFO: Something interesting happened [] []
[2017-07-17 14:50:09] my_logger.INFO: Settings [] []
[2017-07-17 14:50:10] my_logger.INFO: ManageUsers [] []
[2017-07-17 14:50:14] my_logger.INFO: ManageUsers [] []
[2017-07-17 16:22:32] my_logger.INFO: Flimsys [] []
[2017-07-17 16:22:58] my_logger.INFO: Flimsys [] []
[2017-07-17 16:26:08] my_logger.INFO: Flimsys [] []
[2017-07-17 16:26:55] my_logger.INFO: Flimsys [] []
[2017-07-17 16:27:38] my_logger.INFO: Flimsys [] []
[2017-07-17 16:35:06] my_logger.INFO: Flimsys [] []
[2017-07-18 17:58:47] my_logger.INFO: Something interesting happened [] []
[2017-07-18 18:32:29] my_logger.INFO: Something interesting happened [] []
[2017-07-18 18:34:10] my_logger.INFO: Something interesting happened [] []
[2017-07-18 18:34:40] my_logger.INFO: Something interesting happened [] []
[2017-07-18 18:34:41] my_logger.INFO: Reports [] []
[2017-07-18 18:34:43] my_logger.INFO: Events [] []
[2017-07-18 18:34:44] my_logger.INFO: Flimsys [] []
[2017-07-18 18:43:54] my_logger.INFO: Something interesting happened [] []
[2017-07-18 18:43:56] my_logger.INFO: Contacts [] []
[2017-07-18 18:43:58] my_logger.INFO: Contacts [] []
[2017-07-18 18:43:58] my_logger.INFO: Flimsys [] []
[2017-07-18 18:43:59] my_logger.INFO: Events [] []
[2017-07-18 18:43:59] my_logger.INFO: Reports [] []
[2017-07-18 18:44:00] my_logger.INFO: Settings [] []
[2017-07-18 18:44:02] my_logger.INFO: ManageUsers [] []
[2017-07-18 18:46:38] my_logger.INFO: Settings [] []
[2017-07-18 18:46:39] my_logger.INFO: Reports [] []
[2017-07-18 18:46:40] my_logger.INFO: Events [] []
[2017-07-18 18:46:40] my_logger.INFO: Flimsys [] []
[2017-07-18 18:46:41] my_logger.INFO: Contacts [] []
[2017-07-18 18:48:27] my_logger.INFO: Something interesting happened [] []
[2017-07-19 14:21:06] my_logger.INFO: Something interesting happened [] []
[2017-07-19 14:22:30] my_logger.INFO: Contacts [] []
[2017-07-19 14:23:37] my_logger.INFO: Settings [] []
[2017-07-19 14:23:39] my_logger.INFO: ManageUsers [] []
[2017-07-19 14:23:44] my_logger.INFO: ManageUsers [] []
[2017-07-19 14:23:46] my_logger.INFO: ManageUsers [] []
[2017-07-19 14:31:10] my_logger.INFO: ManageUsers [] []
[2017-07-19 14:54:03] my_logger.INFO: Contacts [] []
[2017-07-19 14:54:04] my_logger.INFO: Contacts [] []
[2017-07-19 14:54:05] my_logger.INFO: Reports [] []
[2017-07-19 15:29:54] my_logger.INFO: Something interesting happened [] []
[2017-07-20 08:52:47] my_logger.INFO: Reports [] []
[2017-07-20 08:54:53] my_logger.INFO: Directory [] []
[2017-07-20 12:07:17] my_logger.INFO: Reports [] []
[2017-07-20 13:29:45] my_logger.INFO: Directory [] []
[2017-07-20 14:39:31] my_logger.INFO: Flimsys [] []
[2017-07-20 14:45:20] my_logger.INFO: Flimsys [] []
[2017-07-20 16:38:57] my_logger.INFO: Events [] []
[2017-07-20 17:44:46] my_logger.INFO: Something interesting happened [] []
[2017-07-21 09:26:01] my_logger.INFO: Reports [] []
[2017-07-21 11:08:17] my_logger.INFO: Reports [] []
[2017-07-21 11:52:09] my_logger.INFO: Reports [] []
[2017-07-21 12:38:17] my_logger.INFO: Flimsys [] []
[2017-07-23 14:15:28] my_logger.INFO: Flimsys [] []
[2017-07-23 14:16:17] my_logger.INFO: Flimsys [] []
[2017-07-23 14:17:46] my_logger.INFO: Flimsys [] []
[2017-07-23 14:17:48] my_logger.INFO: Renewals [] []
[2017-07-23 14:19:40] my_logger.INFO: Renewals [] []
[2017-07-23 14:20:03] my_logger.INFO: Renewals [] []
[2017-07-23 14:20:58] my_logger.INFO: Renewals [] []
[2017-07-23 14:26:45] my_logger.INFO: Renewals [] []
[2017-07-23 14:27:47] my_logger.INFO: Renewals [] []
[2017-07-23 14:28:56] my_logger.INFO: Renewals [] []
[2017-07-23 14:29:47] my_logger.INFO: Renewals [] []
[2017-07-23 14:32:13] my_logger.INFO: Renewals [] []
[2017-07-23 14:32:27] my_logger.INFO: Renewals [] []
[2017-07-23 14:32:53] my_logger.INFO: Renewals [] []
[2017-07-23 14:34:47] my_logger.INFO: Renewals [] []
[2017-07-23 14:35:38] my_logger.INFO: Renewals [] []
[2017-07-23 14:39:25] my_logger.INFO: Renewals [] []
[2017-07-23 14:43:31] my_logger.INFO: Renewals [] []
[2017-07-23 14:44:21] my_logger.INFO: Renewals [] []
[2017-07-23 14:48:22] my_logger.INFO: Renewals [] []
[2017-07-23 14:49:41] my_logger.INFO: Renewals [] []
[2017-07-23 14:50:22] my_logger.INFO: Renewals [] []
[2017-07-23 14:51:25] my_logger.INFO: Renewals [] []
[2017-07-23 14:52:14] my_logger.INFO: Renewals [] []
[2017-07-23 14:54:43] my_logger.INFO: Renewals [] []
[2017-07-23 14:54:49] my_logger.INFO: Renewals [] []
[2017-07-23 14:59:39] my_logger.INFO: Renewals [] []
[2017-07-23 14:59:47] my_logger.INFO: Renewals [] []
[2017-07-23 15:11:57] my_logger.INFO: Renewals [] []
[2017-07-23 15:12:08] my_logger.INFO: Renewals [] []
[2017-07-23 15:12:17] my_logger.INFO: Renewals [] []
[2017-07-23 15:14:35] my_logger.INFO: Renewals [] []
[2017-07-23 15:14:38] my_logger.INFO: Renewals [] []
[2017-07-23 15:14:41] my_logger.INFO: Renewals [] []
[2017-07-23 15:21:19] my_logger.INFO: Renewals [] []
[2017-07-23 15:21:41] my_logger.INFO: Renewals [] []
[2017-07-23 15:23:44] my_logger.INFO: Renewals [] []
[2017-07-23 15:24:36] my_logger.INFO: Renewals [] []
[2017-07-23 15:25:41] my_logger.INFO: Renewals [] []
[2017-07-23 15:26:45] my_logger.INFO: Renewals [] []
[2017-07-23 15:29:13] my_logger.INFO: Renewals [] []
[2017-07-23 15:29:16] my_logger.INFO: Renewals [] []
[2017-07-23 15:29:30] my_logger.INFO: Renewals [] []
[2017-07-23 15:35:45] my_logger.INFO: Renewals [] []
[2017-07-23 15:35:49] my_logger.INFO: Renewals [] []
[2017-07-23 15:38:43] my_logger.INFO: Renewals [] []
[2017-07-23 15:38:51] my_logger.INFO: Renewals [] []
[2017-07-23 15:39:12] my_logger.INFO: Renewals [] []
[2017-07-23 15:42:48] my_logger.INFO: Renewals [] []
[2017-07-23 15:42:57] my_logger.INFO: Renewals [] []
[2017-07-23 15:43:09] my_logger.INFO: Renewals [] []
[2017-07-23 15:43:26] my_logger.INFO: Renewals [] []
[2017-07-23 15:44:47] my_logger.INFO: Renewals [] []
[2017-07-23 15:56:45] my_logger.INFO: Renewals [] []
[2017-07-23 15:57:51] my_logger.INFO: Renewals [] []
[2017-07-23 16:00:16] my_logger.INFO: Renewals [] []
[2017-07-23 16:06:02] my_logger.INFO: Renewals [] []
[2017-07-23 16:06:40] my_logger.INFO: Renewals [] []
[2017-07-23 16:07:19] my_logger.INFO: Renewals [] []
[2017-07-23 16:10:50] my_logger.INFO: Renewals [] []
[2017-07-23 16:12:52] my_logger.INFO: Renewals [] []
[2017-07-23 16:13:02] my_logger.INFO: Renewals [] []
[2017-07-23 16:15:55] my_logger.INFO: Renewals [] []
[2017-07-23 16:16:01] my_logger.INFO: Renewals [] []
[2017-07-23 16:17:17] my_logger.INFO: Renewals [] []
[2017-07-23 16:17:23] my_logger.INFO: Renewals [] []
[2017-07-23 16:24:23] my_logger.INFO: Renewals [] []
[2017-07-23 16:24:29] my_logger.INFO: Renewals [] []
[2017-07-23 16:25:10] my_logger.INFO: Renewals [] []
[2017-07-23 16:25:17] my_logger.INFO: Renewals [] []
[2017-07-23 16:49:29] my_logger.INFO: Renewals [] []
[2017-07-24 08:34:46] my_logger.INFO: Renewals [] []
[2017-07-24 08:34:54] my_logger.INFO: Renewals [] []
[2017-07-24 10:52:04] my_logger.INFO: Renewals [] []
[2017-07-24 10:52:44] my_logger.INFO: Renewals [] []
[2017-07-24 10:52:53] my_logger.INFO: Renewals [] []
[2017-07-24 13:49:51] my_logger.INFO: Something interesting happened [] []
[2017-07-24 14:10:19] my_logger.INFO: Renewals [] []
[2017-07-24 14:13:07] my_logger.INFO: Something interesting happened [] []
[2017-07-25 11:40:28] my_logger.INFO: Something interesting happened [] []
[2017-07-25 11:40:28] my_logger.INFO: Something interesting happened [] []
[2017-07-25 11:45:15] my_logger.INFO: Something interesting happened [] []
[2017-07-25 11:45:17] my_logger.INFO: Something interesting happened [] []
